INFO - 2023-12-19 03:08:57 --> Session: Class initialized using 'CodeIgniter\Session\Handlers\FileHandler' driver.
WARNING - 2023-12-19 03:08:57 --> Session: Sessions is enabled, and one exists. Please don't $session->start();
INFO - 2023-12-19 03:09:27 --> Session: Class initialized using 'CodeIgniter\Session\Handlers\FileHandler' driver.
WARNING - 2023-12-19 03:09:27 --> Session: Sessions is enabled, and one exists. Please don't $session->start();
INFO - 2023-12-19 03:12:15 --> Session: Class initialized using 'CodeIgniter\Session\Handlers\FileHandler' driver.
WARNING - 2023-12-19 03:12:15 --> Session: Sessions is enabled, and one exists. Please don't $session->start();
INFO - 2023-12-19 03:13:21 --> Session: Class initialized using 'CodeIgniter\Session\Handlers\FileHandler' driver.
WARNING - 2023-12-19 03:13:21 --> Session: Sessions is enabled, and one exists. Please don't $session->start();
INFO - 2023-12-19 03:15:36 --> Session: Class initialized using 'CodeIgniter\Session\Handlers\FileHandler' driver.
WARNING - 2023-12-19 03:15:36 --> Session: Sessions is enabled, and one exists. Please don't $session->start();
INFO - 2023-12-19 03:16:32 --> Session: Class initialized using 'CodeIgniter\Session\Handlers\FileHandler' driver.
WARNING - 2023-12-19 03:16:32 --> Session: Sessions is enabled, and one exists. Please don't $session->start();
INFO - 2023-12-19 03:17:01 --> Session: Class initialized using 'CodeIgniter\Session\Handlers\FileHandler' driver.
WARNING - 2023-12-19 03:17:01 --> Session: Sessions is enabled, and one exists. Please don't $session->start();
INFO - 2023-12-19 03:33:46 --> Session: Class initialized using 'CodeIgniter\Session\Handlers\FileHandler' driver.
WARNING - 2023-12-19 03:33:46 --> Session: Sessions is enabled, and one exists. Please don't $session->start();
INFO - 2023-12-19 03:35:45 --> Session: Class initialized using 'CodeIgniter\Session\Handlers\FileHandler' driver.
WARNING - 2023-12-19 03:35:45 --> Session: Sessions is enabled, and one exists. Please don't $session->start();
INFO - 2023-12-19 03:36:08 --> Session: Class initialized using 'CodeIgniter\Session\Handlers\FileHandler' driver.
WARNING - 2023-12-19 03:36:08 --> Session: Sessions is enabled, and one exists. Please don't $session->start();
INFO - 2023-12-19 03:49:52 --> Session: Class initialized using 'CodeIgniter\Session\Handlers\FileHandler' driver.
WARNING - 2023-12-19 03:49:52 --> Session: Sessions is enabled, and one exists. Please don't $session->start();
CRITICAL - 2023-12-19 03:49:53 --> Undefined variable $pulau
in APPPATH\Views\beranda\index.php on line 27.
 1 APPPATH\Views\beranda\index.php(27): CodeIgniter\Debug\Exceptions->errorHandler(2, 'Undefined variable $pulau', 'C:\\xampp\\htdocs\\gista2\\app\\Views\\beranda\\index.php', 27)
 2 SYSTEMPATH\View\View.php(228): include('C:\\xampp\\htdocs\\gista2\\app\\Views\\beranda\\index.php')
 3 SYSTEMPATH\View\View.php(231): CodeIgniter\View\View->CodeIgniter\View\{closure}()
 4 SYSTEMPATH\Common.php(1190): CodeIgniter\View\View->render('beranda/index.php', [], true)
 5 APPPATH\Controllers\Home.php(56): view('beranda/index.php')
 6 SYSTEMPATH\CodeIgniter.php(942): App\Controllers\Home->index()
 7 SYSTEMPATH\CodeIgniter.php(502): CodeIgniter\CodeIgniter->runController(Object(App\Controllers\Home))
 8 SYSTEMPATH\CodeIgniter.php(361): CodeIgniter\CodeIgniter->handleRequest(null, Object(Config\Cache), false)
 9 FCPATH\index.php(79): CodeIgniter\CodeIgniter->run()
INFO - 2023-12-19 03:50:35 --> Session: Class initialized using 'CodeIgniter\Session\Handlers\FileHandler' driver.
WARNING - 2023-12-19 03:50:35 --> Session: Sessions is enabled, and one exists. Please don't $session->start();
INFO - 2023-12-19 03:50:55 --> Session: Class initialized using 'CodeIgniter\Session\Handlers\FileHandler' driver.
WARNING - 2023-12-19 03:50:55 --> Session: Sessions is enabled, and one exists. Please don't $session->start();
INFO - 2023-12-19 03:51:24 --> Session: Class initialized using 'CodeIgniter\Session\Handlers\FileHandler' driver.
WARNING - 2023-12-19 03:51:24 --> Session: Sessions is enabled, and one exists. Please don't $session->start();
