INFO - 2023-12-16 00:02:37 --> Session: Class initialized using 'CodeIgniter\Session\Handlers\FileHandler' driver.
WARNING - 2023-12-16 00:02:37 --> Session: Sessions is enabled, and one exists. Please don't $session->start();
INFO - 2023-12-16 00:02:42 --> Session: Class initialized using 'CodeIgniter\Session\Handlers\FileHandler' driver.
WARNING - 2023-12-16 00:02:42 --> Session: Sessions is enabled, and one exists. Please don't $session->start();
ERROR - 2023-12-16 00:02:42 --> mysqli_sql_exception: Column 'nama_gunung' cannot be null in C:\xampp\htdocs\gista2\system\Database\MySQLi\Connection.php:306
Stack trace:
#0 C:\xampp\htdocs\gista2\system\Database\MySQLi\Connection.php(306): mysqli->query('INSERT INTO `re...', 0)
#1 C:\xampp\htdocs\gista2\system\Database\BaseConnection.php(693): CodeIgniter\Database\MySQLi\Connection->execute('INSERT INTO `re...')
#2 C:\xampp\htdocs\gista2\system\Database\BaseConnection.php(607): CodeIgniter\Database\BaseConnection->simpleQuery('INSERT INTO `re...')
#3 C:\xampp\htdocs\gista2\system\Database\BaseBuilder.php(2308): CodeIgniter\Database\BaseConnection->query('INSERT INTO `re...', Array, false)
#4 C:\xampp\htdocs\gista2\system\Model.php(319): CodeIgniter\Database\BaseBuilder->insert()
#5 C:\xampp\htdocs\gista2\system\BaseModel.php(788): CodeIgniter\Model->doInsert(Array)
#6 C:\xampp\htdocs\gista2\system\Model.php(715): CodeIgniter\BaseModel->insert(Array, true)
#7 C:\xampp\htdocs\gista2\app\Controllers\Home.php(100): CodeIgniter\Model->insert(Array)
#8 C:\xampp\htdocs\gista2\system\CodeIgniter.php(942): App\Controllers\Home->tambahData()
#9 C:\xampp\htdocs\gista2\system\CodeIgniter.php(502): CodeIgniter\CodeIgniter->runController(Object(App\Controllers\Home))
#10 C:\xampp\htdocs\gista2\system\CodeIgniter.php(361): CodeIgniter\CodeIgniter->handleRequest(NULL, Object(Config\Cache), false)
#11 C:\xampp\htdocs\gista2\public\index.php(79): CodeIgniter\CodeIgniter->run()
#12 {main}
CRITICAL - 2023-12-16 00:02:42 --> Column 'nama_gunung' cannot be null
in SYSTEMPATH\Database\BaseConnection.php on line 647.
 1 SYSTEMPATH\Database\BaseBuilder.php(2308): CodeIgniter\Database\BaseConnection->query('INSERT INTO `request_data` (`gambar_gunung`, `nama_gunung`, `ketinggian_mdpl`, `ketinggian_ft`, `pulau`, `pos`, `gambar_pos`, `kebutuhan_kalori`, `sumber_mata_air`, `flora_fauna`, `ketinggian_pos`, `waktu`, `data_peta`, `nama_jalur`, `alamat`, `detail`, `status_gunung`, `status_jalur`, `status_pos`) VALUES (:gambar_gunung:, :nama_gunung:, :ketinggian_mdpl:, :ketinggian_ft:, :pulau:, :pos:, :gambar_pos:, :kebutuhan_kalori:, :sumber_mata_air:, :flora_fauna:, :ketinggian_pos:, :waktu:, :data_peta:, :nama_jalur:, :alamat:, :detail:, :status_gunung:, :status_jalur:, :status_pos:)', [...], false)
 2 SYSTEMPATH\Model.php(319): CodeIgniter\Database\BaseBuilder->insert()
 3 SYSTEMPATH\BaseModel.php(788): CodeIgniter\Model->doInsert([...])
 4 SYSTEMPATH\Model.php(715): CodeIgniter\BaseModel->insert([...], true)
 5 APPPATH\Controllers\Home.php(100): CodeIgniter\Model->insert([...])
 6 SYSTEMPATH\CodeIgniter.php(942): App\Controllers\Home->tambahData()
 7 SYSTEMPATH\CodeIgniter.php(502): CodeIgniter\CodeIgniter->runController(Object(App\Controllers\Home))
 8 SYSTEMPATH\CodeIgniter.php(361): CodeIgniter\CodeIgniter->handleRequest(null, Object(Config\Cache), false)
 9 FCPATH\index.php(79): CodeIgniter\CodeIgniter->run()
INFO - 2023-12-16 00:04:57 --> Session: Class initialized using 'CodeIgniter\Session\Handlers\FileHandler' driver.
WARNING - 2023-12-16 00:04:57 --> Session: Sessions is enabled, and one exists. Please don't $session->start();
INFO - 2023-12-16 00:08:48 --> Session: Class initialized using 'CodeIgniter\Session\Handlers\FileHandler' driver.
WARNING - 2023-12-16 00:08:48 --> Session: Sessions is enabled, and one exists. Please don't $session->start();
INFO - 2023-12-16 00:09:36 --> Session: Class initialized using 'CodeIgniter\Session\Handlers\FileHandler' driver.
WARNING - 2023-12-16 00:09:36 --> Session: Sessions is enabled, and one exists. Please don't $session->start();
INFO - 2023-12-16 00:11:22 --> Session: Class initialized using 'CodeIgniter\Session\Handlers\FileHandler' driver.
WARNING - 2023-12-16 00:11:22 --> Session: Sessions is enabled, and one exists. Please don't $session->start();
INFO - 2023-12-16 00:17:54 --> Session: Class initialized using 'CodeIgniter\Session\Handlers\FileHandler' driver.
WARNING - 2023-12-16 00:17:54 --> Session: Sessions is enabled, and one exists. Please don't $session->start();
INFO - 2023-12-16 00:20:25 --> Session: Class initialized using 'CodeIgniter\Session\Handlers\FileHandler' driver.
WARNING - 2023-12-16 00:20:25 --> Session: Sessions is enabled, and one exists. Please don't $session->start();
INFO - 2023-12-16 00:25:19 --> Session: Class initialized using 'CodeIgniter\Session\Handlers\FileHandler' driver.
WARNING - 2023-12-16 00:25:19 --> Session: Sessions is enabled, and one exists. Please don't $session->start();
INFO - 2023-12-16 00:25:53 --> Session: Class initialized using 'CodeIgniter\Session\Handlers\FileHandler' driver.
WARNING - 2023-12-16 00:25:53 --> Session: Sessions is enabled, and one exists. Please don't $session->start();
INFO - 2023-12-16 00:25:53 --> Session: Class initialized using 'CodeIgniter\Session\Handlers\FileHandler' driver.
WARNING - 2023-12-16 00:25:53 --> Session: Sessions is enabled, and one exists. Please don't $session->start();
INFO - 2023-12-16 00:25:53 --> Session: Class initialized using 'CodeIgniter\Session\Handlers\FileHandler' driver.
WARNING - 2023-12-16 00:25:53 --> Session: Sessions is enabled, and one exists. Please don't $session->start();
INFO - 2023-12-16 00:25:54 --> Session: Class initialized using 'CodeIgniter\Session\Handlers\FileHandler' driver.
WARNING - 2023-12-16 00:25:54 --> Session: Sessions is enabled, and one exists. Please don't $session->start();
INFO - 2023-12-16 00:26:00 --> Session: Class initialized using 'CodeIgniter\Session\Handlers\FileHandler' driver.
WARNING - 2023-12-16 00:26:00 --> Session: Sessions is enabled, and one exists. Please don't $session->start();
INFO - 2023-12-16 00:26:00 --> Session: Class initialized using 'CodeIgniter\Session\Handlers\FileHandler' driver.
WARNING - 2023-12-16 00:26:00 --> Session: Sessions is enabled, and one exists. Please don't $session->start();
INFO - 2023-12-16 00:26:01 --> Session: Class initialized using 'CodeIgniter\Session\Handlers\FileHandler' driver.
WARNING - 2023-12-16 00:26:01 --> Session: Sessions is enabled, and one exists. Please don't $session->start();
INFO - 2023-12-16 00:26:01 --> Session: Class initialized using 'CodeIgniter\Session\Handlers\FileHandler' driver.
WARNING - 2023-12-16 00:26:01 --> Session: Sessions is enabled, and one exists. Please don't $session->start();
INFO - 2023-12-16 00:26:01 --> Session: Class initialized using 'CodeIgniter\Session\Handlers\FileHandler' driver.
WARNING - 2023-12-16 00:26:01 --> Session: Sessions is enabled, and one exists. Please don't $session->start();
INFO - 2023-12-16 00:26:01 --> Session: Class initialized using 'CodeIgniter\Session\Handlers\FileHandler' driver.
WARNING - 2023-12-16 00:26:01 --> Session: Sessions is enabled, and one exists. Please don't $session->start();
INFO - 2023-12-16 00:26:02 --> Session: Class initialized using 'CodeIgniter\Session\Handlers\FileHandler' driver.
WARNING - 2023-12-16 00:26:02 --> Session: Sessions is enabled, and one exists. Please don't $session->start();
INFO - 2023-12-16 00:26:02 --> Session: Class initialized using 'CodeIgniter\Session\Handlers\FileHandler' driver.
WARNING - 2023-12-16 00:26:02 --> Session: Sessions is enabled, and one exists. Please don't $session->start();
INFO - 2023-12-16 00:26:02 --> Session: Class initialized using 'CodeIgniter\Session\Handlers\FileHandler' driver.
WARNING - 2023-12-16 00:26:02 --> Session: Sessions is enabled, and one exists. Please don't $session->start();
INFO - 2023-12-16 00:26:02 --> Session: Class initialized using 'CodeIgniter\Session\Handlers\FileHandler' driver.
WARNING - 2023-12-16 00:26:02 --> Session: Sessions is enabled, and one exists. Please don't $session->start();
INFO - 2023-12-16 00:30:29 --> Session: Class initialized using 'CodeIgniter\Session\Handlers\FileHandler' driver.
WARNING - 2023-12-16 00:30:29 --> Session: Sessions is enabled, and one exists. Please don't $session->start();
INFO - 2023-12-16 00:30:30 --> Session: Class initialized using 'CodeIgniter\Session\Handlers\FileHandler' driver.
WARNING - 2023-12-16 00:30:30 --> Session: Sessions is enabled, and one exists. Please don't $session->start();
INFO - 2023-12-16 00:30:30 --> Session: Class initialized using 'CodeIgniter\Session\Handlers\FileHandler' driver.
WARNING - 2023-12-16 00:30:30 --> Session: Sessions is enabled, and one exists. Please don't $session->start();
INFO - 2023-12-16 00:30:32 --> Session: Class initialized using 'CodeIgniter\Session\Handlers\FileHandler' driver.
WARNING - 2023-12-16 00:30:32 --> Session: Sessions is enabled, and one exists. Please don't $session->start();
INFO - 2023-12-16 00:30:33 --> Session: Class initialized using 'CodeIgniter\Session\Handlers\FileHandler' driver.
WARNING - 2023-12-16 00:30:33 --> Session: Sessions is enabled, and one exists. Please don't $session->start();
INFO - 2023-12-16 00:30:33 --> Session: Class initialized using 'CodeIgniter\Session\Handlers\FileHandler' driver.
WARNING - 2023-12-16 00:30:33 --> Session: Sessions is enabled, and one exists. Please don't $session->start();
INFO - 2023-12-16 00:30:34 --> Session: Class initialized using 'CodeIgniter\Session\Handlers\FileHandler' driver.
WARNING - 2023-12-16 00:30:34 --> Session: Sessions is enabled, and one exists. Please don't $session->start();
INFO - 2023-12-16 00:31:08 --> Session: Class initialized using 'CodeIgniter\Session\Handlers\FileHandler' driver.
WARNING - 2023-12-16 00:31:08 --> Session: Sessions is enabled, and one exists. Please don't $session->start();
INFO - 2023-12-16 00:31:09 --> Session: Class initialized using 'CodeIgniter\Session\Handlers\FileHandler' driver.
WARNING - 2023-12-16 00:31:09 --> Session: Sessions is enabled, and one exists. Please don't $session->start();
INFO - 2023-12-16 00:31:09 --> Session: Class initialized using 'CodeIgniter\Session\Handlers\FileHandler' driver.
WARNING - 2023-12-16 00:31:09 --> Session: Sessions is enabled, and one exists. Please don't $session->start();
INFO - 2023-12-16 00:31:10 --> Session: Class initialized using 'CodeIgniter\Session\Handlers\FileHandler' driver.
WARNING - 2023-12-16 00:31:10 --> Session: Sessions is enabled, and one exists. Please don't $session->start();
INFO - 2023-12-16 00:34:09 --> Session: Class initialized using 'CodeIgniter\Session\Handlers\FileHandler' driver.
WARNING - 2023-12-16 00:34:09 --> Session: Sessions is enabled, and one exists. Please don't $session->start();
INFO - 2023-12-16 00:34:12 --> Session: Class initialized using 'CodeIgniter\Session\Handlers\FileHandler' driver.
WARNING - 2023-12-16 00:34:12 --> Session: Sessions is enabled, and one exists. Please don't $session->start();
INFO - 2023-12-16 00:34:13 --> Session: Class initialized using 'CodeIgniter\Session\Handlers\FileHandler' driver.
WARNING - 2023-12-16 00:34:13 --> Session: Sessions is enabled, and one exists. Please don't $session->start();
INFO - 2023-12-16 00:34:13 --> Session: Class initialized using 'CodeIgniter\Session\Handlers\FileHandler' driver.
WARNING - 2023-12-16 00:34:13 --> Session: Sessions is enabled, and one exists. Please don't $session->start();
INFO - 2023-12-16 00:34:15 --> Session: Class initialized using 'CodeIgniter\Session\Handlers\FileHandler' driver.
WARNING - 2023-12-16 00:34:15 --> Session: Sessions is enabled, and one exists. Please don't $session->start();
INFO - 2023-12-16 00:34:15 --> Session: Class initialized using 'CodeIgniter\Session\Handlers\FileHandler' driver.
WARNING - 2023-12-16 00:34:15 --> Session: Sessions is enabled, and one exists. Please don't $session->start();
INFO - 2023-12-16 00:34:15 --> Session: Class initialized using 'CodeIgniter\Session\Handlers\FileHandler' driver.
WARNING - 2023-12-16 00:34:15 --> Session: Sessions is enabled, and one exists. Please don't $session->start();
INFO - 2023-12-16 00:34:16 --> Session: Class initialized using 'CodeIgniter\Session\Handlers\FileHandler' driver.
WARNING - 2023-12-16 00:34:16 --> Session: Sessions is enabled, and one exists. Please don't $session->start();
INFO - 2023-12-16 00:34:16 --> Session: Class initialized using 'CodeIgniter\Session\Handlers\FileHandler' driver.
WARNING - 2023-12-16 00:34:16 --> Session: Sessions is enabled, and one exists. Please don't $session->start();
INFO - 2023-12-16 00:34:16 --> Session: Class initialized using 'CodeIgniter\Session\Handlers\FileHandler' driver.
WARNING - 2023-12-16 00:34:16 --> Session: Sessions is enabled, and one exists. Please don't $session->start();
INFO - 2023-12-16 00:34:17 --> Session: Class initialized using 'CodeIgniter\Session\Handlers\FileHandler' driver.
WARNING - 2023-12-16 00:34:17 --> Session: Sessions is enabled, and one exists. Please don't $session->start();
INFO - 2023-12-16 00:36:00 --> Session: Class initialized using 'CodeIgniter\Session\Handlers\FileHandler' driver.
WARNING - 2023-12-16 00:36:00 --> Session: Sessions is enabled, and one exists. Please don't $session->start();
INFO - 2023-12-16 00:36:00 --> Session: Class initialized using 'CodeIgniter\Session\Handlers\FileHandler' driver.
WARNING - 2023-12-16 00:36:00 --> Session: Sessions is enabled, and one exists. Please don't $session->start();
INFO - 2023-12-16 00:36:00 --> Session: Class initialized using 'CodeIgniter\Session\Handlers\FileHandler' driver.
WARNING - 2023-12-16 00:36:00 --> Session: Sessions is enabled, and one exists. Please don't $session->start();
INFO - 2023-12-16 00:36:01 --> Session: Class initialized using 'CodeIgniter\Session\Handlers\FileHandler' driver.
WARNING - 2023-12-16 00:36:01 --> Session: Sessions is enabled, and one exists. Please don't $session->start();
INFO - 2023-12-16 00:36:06 --> Session: Class initialized using 'CodeIgniter\Session\Handlers\FileHandler' driver.
WARNING - 2023-12-16 00:36:06 --> Session: Sessions is enabled, and one exists. Please don't $session->start();
INFO - 2023-12-16 00:36:15 --> Session: Class initialized using 'CodeIgniter\Session\Handlers\FileHandler' driver.
WARNING - 2023-12-16 00:36:15 --> Session: Sessions is enabled, and one exists. Please don't $session->start();
INFO - 2023-12-16 00:36:17 --> Session: Class initialized using 'CodeIgniter\Session\Handlers\FileHandler' driver.
WARNING - 2023-12-16 00:36:17 --> Session: Sessions is enabled, and one exists. Please don't $session->start();
INFO - 2023-12-16 00:36:22 --> Session: Class initialized using 'CodeIgniter\Session\Handlers\FileHandler' driver.
WARNING - 2023-12-16 00:36:22 --> Session: Sessions is enabled, and one exists. Please don't $session->start();
INFO - 2023-12-16 00:36:24 --> Session: Class initialized using 'CodeIgniter\Session\Handlers\FileHandler' driver.
WARNING - 2023-12-16 00:36:24 --> Session: Sessions is enabled, and one exists. Please don't $session->start();
INFO - 2023-12-16 00:36:33 --> Session: Class initialized using 'CodeIgniter\Session\Handlers\FileHandler' driver.
WARNING - 2023-12-16 00:36:33 --> Session: Sessions is enabled, and one exists. Please don't $session->start();
INFO - 2023-12-16 00:36:36 --> Session: Class initialized using 'CodeIgniter\Session\Handlers\FileHandler' driver.
WARNING - 2023-12-16 00:36:36 --> Session: Sessions is enabled, and one exists. Please don't $session->start();
INFO - 2023-12-16 00:41:35 --> Session: Class initialized using 'CodeIgniter\Session\Handlers\FileHandler' driver.
WARNING - 2023-12-16 00:41:35 --> Session: Sessions is enabled, and one exists. Please don't $session->start();
INFO - 2023-12-16 00:43:24 --> Session: Class initialized using 'CodeIgniter\Session\Handlers\FileHandler' driver.
WARNING - 2023-12-16 00:43:24 --> Session: Sessions is enabled, and one exists. Please don't $session->start();
INFO - 2023-12-16 00:43:26 --> Session: Class initialized using 'CodeIgniter\Session\Handlers\FileHandler' driver.
WARNING - 2023-12-16 00:43:26 --> Session: Sessions is enabled, and one exists. Please don't $session->start();
INFO - 2023-12-16 00:44:09 --> Session: Class initialized using 'CodeIgniter\Session\Handlers\FileHandler' driver.
WARNING - 2023-12-16 00:44:09 --> Session: Sessions is enabled, and one exists. Please don't $session->start();
INFO - 2023-12-16 00:44:23 --> Session: Class initialized using 'CodeIgniter\Session\Handlers\FileHandler' driver.
WARNING - 2023-12-16 00:44:23 --> Session: Sessions is enabled, and one exists. Please don't $session->start();
INFO - 2023-12-16 00:46:48 --> Session: Class initialized using 'CodeIgniter\Session\Handlers\FileHandler' driver.
WARNING - 2023-12-16 00:46:48 --> Session: Sessions is enabled, and one exists. Please don't $session->start();
INFO - 2023-12-16 00:46:58 --> Session: Class initialized using 'CodeIgniter\Session\Handlers\FileHandler' driver.
WARNING - 2023-12-16 00:46:58 --> Session: Sessions is enabled, and one exists. Please don't $session->start();
INFO - 2023-12-16 00:50:24 --> Session: Class initialized using 'CodeIgniter\Session\Handlers\FileHandler' driver.
WARNING - 2023-12-16 00:50:24 --> Session: Sessions is enabled, and one exists. Please don't $session->start();
INFO - 2023-12-16 00:54:34 --> Session: Class initialized using 'CodeIgniter\Session\Handlers\FileHandler' driver.
WARNING - 2023-12-16 00:54:34 --> Session: Sessions is enabled, and one exists. Please don't $session->start();
INFO - 2023-12-16 00:54:45 --> Session: Class initialized using 'CodeIgniter\Session\Handlers\FileHandler' driver.
WARNING - 2023-12-16 00:54:45 --> Session: Sessions is enabled, and one exists. Please don't $session->start();
INFO - 2023-12-16 00:55:38 --> Session: Class initialized using 'CodeIgniter\Session\Handlers\FileHandler' driver.
WARNING - 2023-12-16 00:55:38 --> Session: Sessions is enabled, and one exists. Please don't $session->start();
INFO - 2023-12-16 00:55:43 --> Session: Class initialized using 'CodeIgniter\Session\Handlers\FileHandler' driver.
WARNING - 2023-12-16 00:55:43 --> Session: Sessions is enabled, and one exists. Please don't $session->start();
INFO - 2023-12-16 00:55:45 --> Session: Class initialized using 'CodeIgniter\Session\Handlers\FileHandler' driver.
WARNING - 2023-12-16 00:55:45 --> Session: Sessions is enabled, and one exists. Please don't $session->start();
INFO - 2023-12-16 00:56:32 --> Session: Class initialized using 'CodeIgniter\Session\Handlers\FileHandler' driver.
WARNING - 2023-12-16 00:56:32 --> Session: Sessions is enabled, and one exists. Please don't $session->start();
INFO - 2023-12-16 00:56:49 --> Session: Class initialized using 'CodeIgniter\Session\Handlers\FileHandler' driver.
WARNING - 2023-12-16 00:56:49 --> Session: Sessions is enabled, and one exists. Please don't $session->start();
INFO - 2023-12-16 00:57:08 --> Session: Class initialized using 'CodeIgniter\Session\Handlers\FileHandler' driver.
WARNING - 2023-12-16 00:57:08 --> Session: Sessions is enabled, and one exists. Please don't $session->start();
INFO - 2023-12-16 00:58:20 --> Session: Class initialized using 'CodeIgniter\Session\Handlers\FileHandler' driver.
WARNING - 2023-12-16 00:58:20 --> Session: Sessions is enabled, and one exists. Please don't $session->start();
INFO - 2023-12-16 00:58:40 --> Session: Class initialized using 'CodeIgniter\Session\Handlers\FileHandler' driver.
WARNING - 2023-12-16 00:58:40 --> Session: Sessions is enabled, and one exists. Please don't $session->start();
INFO - 2023-12-16 00:59:11 --> Session: Class initialized using 'CodeIgniter\Session\Handlers\FileHandler' driver.
WARNING - 2023-12-16 00:59:11 --> Session: Sessions is enabled, and one exists. Please don't $session->start();
INFO - 2023-12-16 00:59:35 --> Session: Class initialized using 'CodeIgniter\Session\Handlers\FileHandler' driver.
WARNING - 2023-12-16 00:59:35 --> Session: Sessions is enabled, and one exists. Please don't $session->start();
INFO - 2023-12-16 00:59:35 --> Session: Class initialized using 'CodeIgniter\Session\Handlers\FileHandler' driver.
WARNING - 2023-12-16 00:59:35 --> Session: Sessions is enabled, and one exists. Please don't $session->start();
INFO - 2023-12-16 01:00:07 --> Session: Class initialized using 'CodeIgniter\Session\Handlers\FileHandler' driver.
WARNING - 2023-12-16 01:00:07 --> Session: Sessions is enabled, and one exists. Please don't $session->start();
INFO - 2023-12-16 01:00:07 --> Session: Class initialized using 'CodeIgniter\Session\Handlers\FileHandler' driver.
WARNING - 2023-12-16 01:00:07 --> Session: Sessions is enabled, and one exists. Please don't $session->start();
INFO - 2023-12-16 01:00:23 --> Session: Class initialized using 'CodeIgniter\Session\Handlers\FileHandler' driver.
WARNING - 2023-12-16 01:00:23 --> Session: Sessions is enabled, and one exists. Please don't $session->start();
INFO - 2023-12-16 01:00:23 --> Session: Class initialized using 'CodeIgniter\Session\Handlers\FileHandler' driver.
WARNING - 2023-12-16 01:00:23 --> Session: Sessions is enabled, and one exists. Please don't $session->start();
INFO - 2023-12-16 01:01:13 --> Session: Class initialized using 'CodeIgniter\Session\Handlers\FileHandler' driver.
WARNING - 2023-12-16 01:01:13 --> Session: Sessions is enabled, and one exists. Please don't $session->start();
INFO - 2023-12-16 01:01:16 --> Session: Class initialized using 'CodeIgniter\Session\Handlers\FileHandler' driver.
WARNING - 2023-12-16 01:01:16 --> Session: Sessions is enabled, and one exists. Please don't $session->start();
INFO - 2023-12-16 01:01:32 --> Session: Class initialized using 'CodeIgniter\Session\Handlers\FileHandler' driver.
WARNING - 2023-12-16 01:01:32 --> Session: Sessions is enabled, and one exists. Please don't $session->start();
INFO - 2023-12-16 01:01:33 --> Session: Class initialized using 'CodeIgniter\Session\Handlers\FileHandler' driver.
WARNING - 2023-12-16 01:01:33 --> Session: Sessions is enabled, and one exists. Please don't $session->start();
INFO - 2023-12-16 01:01:43 --> Session: Class initialized using 'CodeIgniter\Session\Handlers\FileHandler' driver.
WARNING - 2023-12-16 01:01:43 --> Session: Sessions is enabled, and one exists. Please don't $session->start();
INFO - 2023-12-16 01:01:50 --> Session: Class initialized using 'CodeIgniter\Session\Handlers\FileHandler' driver.
WARNING - 2023-12-16 01:01:50 --> Session: Sessions is enabled, and one exists. Please don't $session->start();
INFO - 2023-12-16 01:01:57 --> Session: Class initialized using 'CodeIgniter\Session\Handlers\FileHandler' driver.
WARNING - 2023-12-16 01:01:57 --> Session: Sessions is enabled, and one exists. Please don't $session->start();
INFO - 2023-12-16 01:04:36 --> Session: Class initialized using 'CodeIgniter\Session\Handlers\FileHandler' driver.
WARNING - 2023-12-16 01:04:36 --> Session: Sessions is enabled, and one exists. Please don't $session->start();
INFO - 2023-12-16 01:04:43 --> Session: Class initialized using 'CodeIgniter\Session\Handlers\FileHandler' driver.
WARNING - 2023-12-16 01:04:43 --> Session: Sessions is enabled, and one exists. Please don't $session->start();
CRITICAL - 2023-12-16 01:04:43 --> Trying to access array offset on value of type null
in APPPATH\Controllers\Auth.php on line 25.
 1 APPPATH\Controllers\Auth.php(25): CodeIgniter\Debug\Exceptions->errorHandler(2, 'Trying to access array offset on value of type null', 'C:\\xampp\\htdocs\\gista2\\app\\Controllers\\Auth.php', 25)
 2 SYSTEMPATH\CodeIgniter.php(942): App\Controllers\Auth->login_proses()
 3 SYSTEMPATH\CodeIgniter.php(502): CodeIgniter\CodeIgniter->runController(Object(App\Controllers\Auth))
 4 SYSTEMPATH\CodeIgniter.php(361): CodeIgniter\CodeIgniter->handleRequest(null, Object(Config\Cache), false)
 5 FCPATH\index.php(79): CodeIgniter\CodeIgniter->run()
INFO - 2023-12-16 01:04:53 --> Session: Class initialized using 'CodeIgniter\Session\Handlers\FileHandler' driver.
WARNING - 2023-12-16 01:04:53 --> Session: Sessions is enabled, and one exists. Please don't $session->start();
INFO - 2023-12-16 01:04:54 --> Session: Class initialized using 'CodeIgniter\Session\Handlers\FileHandler' driver.
WARNING - 2023-12-16 01:04:54 --> Session: Sessions is enabled, and one exists. Please don't $session->start();
INFO - 2023-12-16 01:05:02 --> Session: Class initialized using 'CodeIgniter\Session\Handlers\FileHandler' driver.
WARNING - 2023-12-16 01:05:02 --> Session: Sessions is enabled, and one exists. Please don't $session->start();
INFO - 2023-12-16 01:05:03 --> Session: Class initialized using 'CodeIgniter\Session\Handlers\FileHandler' driver.
WARNING - 2023-12-16 01:05:03 --> Session: Sessions is enabled, and one exists. Please don't $session->start();
INFO - 2023-12-16 01:05:07 --> Session: Class initialized using 'CodeIgniter\Session\Handlers\FileHandler' driver.
WARNING - 2023-12-16 01:05:07 --> Session: Sessions is enabled, and one exists. Please don't $session->start();
INFO - 2023-12-16 01:05:31 --> Session: Class initialized using 'CodeIgniter\Session\Handlers\FileHandler' driver.
WARNING - 2023-12-16 01:05:31 --> Session: Sessions is enabled, and one exists. Please don't $session->start();
INFO - 2023-12-16 01:05:31 --> Session: Class initialized using 'CodeIgniter\Session\Handlers\FileHandler' driver.
WARNING - 2023-12-16 01:05:31 --> Session: Sessions is enabled, and one exists. Please don't $session->start();
INFO - 2023-12-16 01:05:37 --> Session: Class initialized using 'CodeIgniter\Session\Handlers\FileHandler' driver.
WARNING - 2023-12-16 01:05:37 --> Session: Sessions is enabled, and one exists. Please don't $session->start();
INFO - 2023-12-16 01:05:37 --> Session: Class initialized using 'CodeIgniter\Session\Handlers\FileHandler' driver.
WARNING - 2023-12-16 01:05:37 --> Session: Sessions is enabled, and one exists. Please don't $session->start();
INFO - 2023-12-16 01:05:39 --> Session: Class initialized using 'CodeIgniter\Session\Handlers\FileHandler' driver.
WARNING - 2023-12-16 01:05:39 --> Session: Sessions is enabled, and one exists. Please don't $session->start();
INFO - 2023-12-16 01:05:59 --> Session: Class initialized using 'CodeIgniter\Session\Handlers\FileHandler' driver.
WARNING - 2023-12-16 01:05:59 --> Session: Sessions is enabled, and one exists. Please don't $session->start();
INFO - 2023-12-16 01:06:03 --> Session: Class initialized using 'CodeIgniter\Session\Handlers\FileHandler' driver.
WARNING - 2023-12-16 01:06:03 --> Session: Sessions is enabled, and one exists. Please don't $session->start();
CRITICAL - 2023-12-16 01:06:03 --> Trying to access array offset on value of type null
in APPPATH\Controllers\Auth.php on line 25.
 1 APPPATH\Controllers\Auth.php(25): CodeIgniter\Debug\Exceptions->errorHandler(2, 'Trying to access array offset on value of type null', 'C:\\xampp\\htdocs\\gista2\\app\\Controllers\\Auth.php', 25)
 2 SYSTEMPATH\CodeIgniter.php(942): App\Controllers\Auth->login_proses()
 3 SYSTEMPATH\CodeIgniter.php(502): CodeIgniter\CodeIgniter->runController(Object(App\Controllers\Auth))
 4 SYSTEMPATH\CodeIgniter.php(361): CodeIgniter\CodeIgniter->handleRequest(null, Object(Config\Cache), false)
 5 FCPATH\index.php(79): CodeIgniter\CodeIgniter->run()
INFO - 2023-12-16 01:06:20 --> Session: Class initialized using 'CodeIgniter\Session\Handlers\FileHandler' driver.
WARNING - 2023-12-16 01:06:20 --> Session: Sessions is enabled, and one exists. Please don't $session->start();
INFO - 2023-12-16 01:06:22 --> Session: Class initialized using 'CodeIgniter\Session\Handlers\FileHandler' driver.
WARNING - 2023-12-16 01:06:22 --> Session: Sessions is enabled, and one exists. Please don't $session->start();
INFO - 2023-12-16 01:06:29 --> Session: Class initialized using 'CodeIgniter\Session\Handlers\FileHandler' driver.
WARNING - 2023-12-16 01:06:29 --> Session: Sessions is enabled, and one exists. Please don't $session->start();
CRITICAL - 2023-12-16 01:06:29 --> Trying to access array offset on value of type null
in APPPATH\Controllers\Auth.php on line 25.
 1 APPPATH\Controllers\Auth.php(25): CodeIgniter\Debug\Exceptions->errorHandler(2, 'Trying to access array offset on value of type null', 'C:\\xampp\\htdocs\\gista2\\app\\Controllers\\Auth.php', 25)
 2 SYSTEMPATH\CodeIgniter.php(942): App\Controllers\Auth->login_proses()
 3 SYSTEMPATH\CodeIgniter.php(502): CodeIgniter\CodeIgniter->runController(Object(App\Controllers\Auth))
 4 SYSTEMPATH\CodeIgniter.php(361): CodeIgniter\CodeIgniter->handleRequest(null, Object(Config\Cache), false)
 5 FCPATH\index.php(79): CodeIgniter\CodeIgniter->run()
INFO - 2023-12-16 01:07:42 --> Session: Class initialized using 'CodeIgniter\Session\Handlers\FileHandler' driver.
WARNING - 2023-12-16 01:07:42 --> Session: Sessions is enabled, and one exists. Please don't $session->start();
INFO - 2023-12-16 01:07:46 --> Session: Class initialized using 'CodeIgniter\Session\Handlers\FileHandler' driver.
WARNING - 2023-12-16 01:07:46 --> Session: Sessions is enabled, and one exists. Please don't $session->start();
CRITICAL - 2023-12-16 01:07:46 --> Trying to access array offset on value of type null
in APPPATH\Controllers\Auth.php on line 25.
 1 APPPATH\Controllers\Auth.php(25): CodeIgniter\Debug\Exceptions->errorHandler(2, 'Trying to access array offset on value of type null', 'C:\\xampp\\htdocs\\gista2\\app\\Controllers\\Auth.php', 25)
 2 SYSTEMPATH\CodeIgniter.php(942): App\Controllers\Auth->login_proses()
 3 SYSTEMPATH\CodeIgniter.php(502): CodeIgniter\CodeIgniter->runController(Object(App\Controllers\Auth))
 4 SYSTEMPATH\CodeIgniter.php(361): CodeIgniter\CodeIgniter->handleRequest(null, Object(Config\Cache), false)
 5 FCPATH\index.php(79): CodeIgniter\CodeIgniter->run()
INFO - 2023-12-16 01:11:47 --> Session: Class initialized using 'CodeIgniter\Session\Handlers\FileHandler' driver.
WARNING - 2023-12-16 01:11:47 --> Session: Sessions is enabled, and one exists. Please don't $session->start();
INFO - 2023-12-16 01:11:49 --> Session: Class initialized using 'CodeIgniter\Session\Handlers\FileHandler' driver.
WARNING - 2023-12-16 01:11:49 --> Session: Sessions is enabled, and one exists. Please don't $session->start();
CRITICAL - 2023-12-16 01:11:51 --> syntax error, unexpected token "public", expecting end of file
in APPPATH\Controllers\Auth.php on line 57.
 1 SYSTEMPATH\Autoloader\Autoloader.php(291): CodeIgniter\Autoloader\Autoloader->includeFile('C:\\xampp\\htdocs\\gista2\\app\\Controllers\\Auth.php')
 2 SYSTEMPATH\Autoloader\Autoloader.php(269): CodeIgniter\Autoloader\Autoloader->loadInNamespace('App\\Controllers\\Auth')
 3 [internal function]: CodeIgniter\Autoloader\Autoloader->loadClass('App\\Controllers\\Auth')
 4 SYSTEMPATH\CodeIgniter.php(900): class_exists('\\App\\Controllers\\Auth', true)
 5 SYSTEMPATH\CodeIgniter.php(489): CodeIgniter\CodeIgniter->startController()
 6 SYSTEMPATH\CodeIgniter.php(361): CodeIgniter\CodeIgniter->handleRequest(null, Object(Config\Cache), false)
 7 FCPATH\index.php(79): CodeIgniter\CodeIgniter->run()
INFO - 2023-12-16 01:12:11 --> Session: Class initialized using 'CodeIgniter\Session\Handlers\FileHandler' driver.
WARNING - 2023-12-16 01:12:11 --> Session: Sessions is enabled, and one exists. Please don't $session->start();
INFO - 2023-12-16 01:12:16 --> Session: Class initialized using 'CodeIgniter\Session\Handlers\FileHandler' driver.
WARNING - 2023-12-16 01:12:16 --> Session: Sessions is enabled, and one exists. Please don't $session->start();
INFO - 2023-12-16 01:12:16 --> Session: Class initialized using 'CodeIgniter\Session\Handlers\FileHandler' driver.
WARNING - 2023-12-16 01:12:16 --> Session: Sessions is enabled, and one exists. Please don't $session->start();
INFO - 2023-12-16 01:12:23 --> Session: Class initialized using 'CodeIgniter\Session\Handlers\FileHandler' driver.
WARNING - 2023-12-16 01:12:23 --> Session: Sessions is enabled, and one exists. Please don't $session->start();
CRITICAL - 2023-12-16 01:12:23 --> Trying to access array offset on value of type null
in APPPATH\Controllers\Auth.php on line 26.
 1 APPPATH\Controllers\Auth.php(26): CodeIgniter\Debug\Exceptions->errorHandler(2, 'Trying to access array offset on value of type null', 'C:\\xampp\\htdocs\\gista2\\app\\Controllers\\Auth.php', 26)
 2 SYSTEMPATH\CodeIgniter.php(942): App\Controllers\Auth->login_proses()
 3 SYSTEMPATH\CodeIgniter.php(502): CodeIgniter\CodeIgniter->runController(Object(App\Controllers\Auth))
 4 SYSTEMPATH\CodeIgniter.php(361): CodeIgniter\CodeIgniter->handleRequest(null, Object(Config\Cache), false)
 5 FCPATH\index.php(79): CodeIgniter\CodeIgniter->run()
INFO - 2023-12-16 01:13:13 --> Session: Class initialized using 'CodeIgniter\Session\Handlers\FileHandler' driver.
WARNING - 2023-12-16 01:13:13 --> Session: Sessions is enabled, and one exists. Please don't $session->start();
INFO - 2023-12-16 01:13:14 --> Session: Class initialized using 'CodeIgniter\Session\Handlers\FileHandler' driver.
WARNING - 2023-12-16 01:13:14 --> Session: Sessions is enabled, and one exists. Please don't $session->start();
INFO - 2023-12-16 01:13:15 --> Session: Class initialized using 'CodeIgniter\Session\Handlers\FileHandler' driver.
WARNING - 2023-12-16 01:13:15 --> Session: Sessions is enabled, and one exists. Please don't $session->start();
INFO - 2023-12-16 01:13:15 --> Session: Class initialized using 'CodeIgniter\Session\Handlers\FileHandler' driver.
WARNING - 2023-12-16 01:13:15 --> Session: Sessions is enabled, and one exists. Please don't $session->start();
INFO - 2023-12-16 01:13:20 --> Session: Class initialized using 'CodeIgniter\Session\Handlers\FileHandler' driver.
WARNING - 2023-12-16 01:13:20 --> Session: Sessions is enabled, and one exists. Please don't $session->start();
CRITICAL - 2023-12-16 01:13:20 --> Trying to access array offset on value of type null
in APPPATH\Controllers\Auth.php on line 26.
 1 APPPATH\Controllers\Auth.php(26): CodeIgniter\Debug\Exceptions->errorHandler(2, 'Trying to access array offset on value of type null', 'C:\\xampp\\htdocs\\gista2\\app\\Controllers\\Auth.php', 26)
 2 SYSTEMPATH\CodeIgniter.php(942): App\Controllers\Auth->login_proses()
 3 SYSTEMPATH\CodeIgniter.php(502): CodeIgniter\CodeIgniter->runController(Object(App\Controllers\Auth))
 4 SYSTEMPATH\CodeIgniter.php(361): CodeIgniter\CodeIgniter->handleRequest(null, Object(Config\Cache), false)
 5 FCPATH\index.php(79): CodeIgniter\CodeIgniter->run()
INFO - 2023-12-16 01:15:47 --> Session: Class initialized using 'CodeIgniter\Session\Handlers\FileHandler' driver.
WARNING - 2023-12-16 01:15:47 --> Session: Sessions is enabled, and one exists. Please don't $session->start();
INFO - 2023-12-16 01:16:44 --> Session: Class initialized using 'CodeIgniter\Session\Handlers\FileHandler' driver.
WARNING - 2023-12-16 01:16:44 --> Session: Sessions is enabled, and one exists. Please don't $session->start();
INFO - 2023-12-16 01:16:52 --> Session: Class initialized using 'CodeIgniter\Session\Handlers\FileHandler' driver.
WARNING - 2023-12-16 01:16:52 --> Session: Sessions is enabled, and one exists. Please don't $session->start();
INFO - 2023-12-16 01:16:52 --> Session: Class initialized using 'CodeIgniter\Session\Handlers\FileHandler' driver.
WARNING - 2023-12-16 01:16:52 --> Session: Sessions is enabled, and one exists. Please don't $session->start();
INFO - 2023-12-16 01:16:57 --> Session: Class initialized using 'CodeIgniter\Session\Handlers\FileHandler' driver.
WARNING - 2023-12-16 01:16:57 --> Session: Sessions is enabled, and one exists. Please don't $session->start();
INFO - 2023-12-16 01:16:58 --> Session: Class initialized using 'CodeIgniter\Session\Handlers\FileHandler' driver.
WARNING - 2023-12-16 01:16:58 --> Session: Sessions is enabled, and one exists. Please don't $session->start();
INFO - 2023-12-16 01:17:04 --> Session: Class initialized using 'CodeIgniter\Session\Handlers\FileHandler' driver.
WARNING - 2023-12-16 01:17:04 --> Session: Sessions is enabled, and one exists. Please don't $session->start();
INFO - 2023-12-16 01:17:04 --> Session: Class initialized using 'CodeIgniter\Session\Handlers\FileHandler' driver.
WARNING - 2023-12-16 01:17:04 --> Session: Sessions is enabled, and one exists. Please don't $session->start();
INFO - 2023-12-16 01:18:01 --> Session: Class initialized using 'CodeIgniter\Session\Handlers\FileHandler' driver.
WARNING - 2023-12-16 01:18:01 --> Session: Sessions is enabled, and one exists. Please don't $session->start();
INFO - 2023-12-16 01:18:01 --> Session: Class initialized using 'CodeIgniter\Session\Handlers\FileHandler' driver.
WARNING - 2023-12-16 01:18:01 --> Session: Sessions is enabled, and one exists. Please don't $session->start();
INFO - 2023-12-16 01:18:01 --> Session: Class initialized using 'CodeIgniter\Session\Handlers\FileHandler' driver.
WARNING - 2023-12-16 01:18:01 --> Session: Sessions is enabled, and one exists. Please don't $session->start();
INFO - 2023-12-16 01:18:52 --> Session: Class initialized using 'CodeIgniter\Session\Handlers\FileHandler' driver.
WARNING - 2023-12-16 01:18:52 --> Session: Sessions is enabled, and one exists. Please don't $session->start();
INFO - 2023-12-16 01:18:54 --> Session: Class initialized using 'CodeIgniter\Session\Handlers\FileHandler' driver.
WARNING - 2023-12-16 01:18:54 --> Session: Sessions is enabled, and one exists. Please don't $session->start();
INFO - 2023-12-16 01:32:56 --> Session: Class initialized using 'CodeIgniter\Session\Handlers\FileHandler' driver.
WARNING - 2023-12-16 01:32:56 --> Session: Sessions is enabled, and one exists. Please don't $session->start();
INFO - 2023-12-16 01:32:56 --> Session: Class initialized using 'CodeIgniter\Session\Handlers\FileHandler' driver.
WARNING - 2023-12-16 01:32:56 --> Session: Sessions is enabled, and one exists. Please don't $session->start();
INFO - 2023-12-16 01:33:00 --> Session: Class initialized using 'CodeIgniter\Session\Handlers\FileHandler' driver.
WARNING - 2023-12-16 01:33:00 --> Session: Sessions is enabled, and one exists. Please don't $session->start();
INFO - 2023-12-16 01:33:04 --> Session: Class initialized using 'CodeIgniter\Session\Handlers\FileHandler' driver.
WARNING - 2023-12-16 01:33:04 --> Session: Sessions is enabled, and one exists. Please don't $session->start();
INFO - 2023-12-16 01:33:09 --> Session: Class initialized using 'CodeIgniter\Session\Handlers\FileHandler' driver.
WARNING - 2023-12-16 01:33:09 --> Session: Sessions is enabled, and one exists. Please don't $session->start();
INFO - 2023-12-16 01:33:15 --> Session: Class initialized using 'CodeIgniter\Session\Handlers\FileHandler' driver.
WARNING - 2023-12-16 01:33:15 --> Session: Sessions is enabled, and one exists. Please don't $session->start();
INFO - 2023-12-16 01:33:15 --> Session: Class initialized using 'CodeIgniter\Session\Handlers\FileHandler' driver.
WARNING - 2023-12-16 01:33:15 --> Session: Sessions is enabled, and one exists. Please don't $session->start();
INFO - 2023-12-16 01:33:44 --> Session: Class initialized using 'CodeIgniter\Session\Handlers\FileHandler' driver.
WARNING - 2023-12-16 01:33:44 --> Session: Sessions is enabled, and one exists. Please don't $session->start();
INFO - 2023-12-16 01:34:06 --> Session: Class initialized using 'CodeIgniter\Session\Handlers\FileHandler' driver.
WARNING - 2023-12-16 01:34:06 --> Session: Sessions is enabled, and one exists. Please don't $session->start();
INFO - 2023-12-16 01:36:07 --> Session: Class initialized using 'CodeIgniter\Session\Handlers\FileHandler' driver.
WARNING - 2023-12-16 01:36:07 --> Session: Sessions is enabled, and one exists. Please don't $session->start();
INFO - 2023-12-16 01:36:18 --> Session: Class initialized using 'CodeIgniter\Session\Handlers\FileHandler' driver.
WARNING - 2023-12-16 01:36:18 --> Session: Sessions is enabled, and one exists. Please don't $session->start();
INFO - 2023-12-16 01:45:55 --> Session: Class initialized using 'CodeIgniter\Session\Handlers\FileHandler' driver.
WARNING - 2023-12-16 01:45:55 --> Session: Sessions is enabled, and one exists. Please don't $session->start();
INFO - 2023-12-16 01:45:58 --> Session: Class initialized using 'CodeIgniter\Session\Handlers\FileHandler' driver.
WARNING - 2023-12-16 01:45:58 --> Session: Sessions is enabled, and one exists. Please don't $session->start();
INFO - 2023-12-16 01:47:21 --> Session: Class initialized using 'CodeIgniter\Session\Handlers\FileHandler' driver.
WARNING - 2023-12-16 01:47:21 --> Session: Sessions is enabled, and one exists. Please don't $session->start();
INFO - 2023-12-16 01:47:21 --> Session: Class initialized using 'CodeIgniter\Session\Handlers\FileHandler' driver.
WARNING - 2023-12-16 01:47:21 --> Session: Sessions is enabled, and one exists. Please don't $session->start();
INFO - 2023-12-16 01:55:51 --> Session: Class initialized using 'CodeIgniter\Session\Handlers\FileHandler' driver.
WARNING - 2023-12-16 01:55:51 --> Session: Sessions is enabled, and one exists. Please don't $session->start();
INFO - 2023-12-16 01:56:02 --> Session: Class initialized using 'CodeIgniter\Session\Handlers\FileHandler' driver.
WARNING - 2023-12-16 01:56:02 --> Session: Sessions is enabled, and one exists. Please don't $session->start();
INFO - 2023-12-16 01:56:03 --> Session: Class initialized using 'CodeIgniter\Session\Handlers\FileHandler' driver.
WARNING - 2023-12-16 01:56:03 --> Session: Sessions is enabled, and one exists. Please don't $session->start();
INFO - 2023-12-16 01:57:41 --> Session: Class initialized using 'CodeIgniter\Session\Handlers\FileHandler' driver.
WARNING - 2023-12-16 01:57:41 --> Session: Sessions is enabled, and one exists. Please don't $session->start();
INFO - 2023-12-16 01:57:44 --> Session: Class initialized using 'CodeIgniter\Session\Handlers\FileHandler' driver.
WARNING - 2023-12-16 01:57:44 --> Session: Sessions is enabled, and one exists. Please don't $session->start();
INFO - 2023-12-16 01:57:49 --> Session: Class initialized using 'CodeIgniter\Session\Handlers\FileHandler' driver.
WARNING - 2023-12-16 01:57:49 --> Session: Sessions is enabled, and one exists. Please don't $session->start();
INFO - 2023-12-16 01:58:01 --> Session: Class initialized using 'CodeIgniter\Session\Handlers\FileHandler' driver.
WARNING - 2023-12-16 01:58:01 --> Session: Sessions is enabled, and one exists. Please don't $session->start();
INFO - 2023-12-16 01:58:02 --> Session: Class initialized using 'CodeIgniter\Session\Handlers\FileHandler' driver.
WARNING - 2023-12-16 01:58:02 --> Session: Sessions is enabled, and one exists. Please don't $session->start();
INFO - 2023-12-16 01:59:22 --> Session: Class initialized using 'CodeIgniter\Session\Handlers\FileHandler' driver.
WARNING - 2023-12-16 01:59:22 --> Session: Sessions is enabled, and one exists. Please don't $session->start();
INFO - 2023-12-16 01:59:34 --> Session: Class initialized using 'CodeIgniter\Session\Handlers\FileHandler' driver.
WARNING - 2023-12-16 01:59:34 --> Session: Sessions is enabled, and one exists. Please don't $session->start();
INFO - 2023-12-16 01:59:53 --> Session: Class initialized using 'CodeIgniter\Session\Handlers\FileHandler' driver.
WARNING - 2023-12-16 01:59:53 --> Session: Sessions is enabled, and one exists. Please don't $session->start();
INFO - 2023-12-16 02:08:38 --> Session: Class initialized using 'CodeIgniter\Session\Handlers\FileHandler' driver.
WARNING - 2023-12-16 02:08:38 --> Session: Sessions is enabled, and one exists. Please don't $session->start();
INFO - 2023-12-16 02:08:39 --> Session: Class initialized using 'CodeIgniter\Session\Handlers\FileHandler' driver.
WARNING - 2023-12-16 02:08:39 --> Session: Sessions is enabled, and one exists. Please don't $session->start();
INFO - 2023-12-16 02:08:44 --> Session: Class initialized using 'CodeIgniter\Session\Handlers\FileHandler' driver.
WARNING - 2023-12-16 02:08:44 --> Session: Sessions is enabled, and one exists. Please don't $session->start();
INFO - 2023-12-16 02:08:49 --> Session: Class initialized using 'CodeIgniter\Session\Handlers\FileHandler' driver.
WARNING - 2023-12-16 02:08:49 --> Session: Sessions is enabled, and one exists. Please don't $session->start();
INFO - 2023-12-16 02:08:53 --> Session: Class initialized using 'CodeIgniter\Session\Handlers\FileHandler' driver.
WARNING - 2023-12-16 02:08:53 --> Session: Sessions is enabled, and one exists. Please don't $session->start();
INFO - 2023-12-16 02:09:54 --> Session: Class initialized using 'CodeIgniter\Session\Handlers\FileHandler' driver.
WARNING - 2023-12-16 02:09:54 --> Session: Sessions is enabled, and one exists. Please don't $session->start();
INFO - 2023-12-16 02:11:14 --> Session: Class initialized using 'CodeIgniter\Session\Handlers\FileHandler' driver.
WARNING - 2023-12-16 02:11:14 --> Session: Sessions is enabled, and one exists. Please don't $session->start();
INFO - 2023-12-16 02:11:19 --> Session: Class initialized using 'CodeIgniter\Session\Handlers\FileHandler' driver.
WARNING - 2023-12-16 02:11:19 --> Session: Sessions is enabled, and one exists. Please don't $session->start();
INFO - 2023-12-16 02:11:34 --> Session: Class initialized using 'CodeIgniter\Session\Handlers\FileHandler' driver.
WARNING - 2023-12-16 02:11:34 --> Session: Sessions is enabled, and one exists. Please don't $session->start();
INFO - 2023-12-16 02:11:39 --> Session: Class initialized using 'CodeIgniter\Session\Handlers\FileHandler' driver.
WARNING - 2023-12-16 02:11:39 --> Session: Sessions is enabled, and one exists. Please don't $session->start();
INFO - 2023-12-16 02:15:12 --> Session: Class initialized using 'CodeIgniter\Session\Handlers\FileHandler' driver.
WARNING - 2023-12-16 02:15:12 --> Session: Sessions is enabled, and one exists. Please don't $session->start();
INFO - 2023-12-16 02:15:17 --> Session: Class initialized using 'CodeIgniter\Session\Handlers\FileHandler' driver.
WARNING - 2023-12-16 02:15:17 --> Session: Sessions is enabled, and one exists. Please don't $session->start();
INFO - 2023-12-16 02:17:29 --> Session: Class initialized using 'CodeIgniter\Session\Handlers\FileHandler' driver.
WARNING - 2023-12-16 02:17:29 --> Session: Sessions is enabled, and one exists. Please don't $session->start();
INFO - 2023-12-16 02:17:35 --> Session: Class initialized using 'CodeIgniter\Session\Handlers\FileHandler' driver.
WARNING - 2023-12-16 02:17:35 --> Session: Sessions is enabled, and one exists. Please don't $session->start();
INFO - 2023-12-16 02:19:14 --> Session: Class initialized using 'CodeIgniter\Session\Handlers\FileHandler' driver.
WARNING - 2023-12-16 02:19:14 --> Session: Sessions is enabled, and one exists. Please don't $session->start();
INFO - 2023-12-16 02:19:18 --> Session: Class initialized using 'CodeIgniter\Session\Handlers\FileHandler' driver.
WARNING - 2023-12-16 02:19:18 --> Session: Sessions is enabled, and one exists. Please don't $session->start();
INFO - 2023-12-16 02:19:37 --> Session: Class initialized using 'CodeIgniter\Session\Handlers\FileHandler' driver.
WARNING - 2023-12-16 02:19:37 --> Session: Sessions is enabled, and one exists. Please don't $session->start();
INFO - 2023-12-16 02:20:11 --> Session: Class initialized using 'CodeIgniter\Session\Handlers\FileHandler' driver.
WARNING - 2023-12-16 02:20:11 --> Session: Sessions is enabled, and one exists. Please don't $session->start();
INFO - 2023-12-16 02:20:53 --> Session: Class initialized using 'CodeIgniter\Session\Handlers\FileHandler' driver.
WARNING - 2023-12-16 02:20:53 --> Session: Sessions is enabled, and one exists. Please don't $session->start();
INFO - 2023-12-16 02:20:53 --> Session: Class initialized using 'CodeIgniter\Session\Handlers\FileHandler' driver.
WARNING - 2023-12-16 02:20:53 --> Session: Sessions is enabled, and one exists. Please don't $session->start();
INFO - 2023-12-16 02:20:54 --> Session: Class initialized using 'CodeIgniter\Session\Handlers\FileHandler' driver.
WARNING - 2023-12-16 02:20:54 --> Session: Sessions is enabled, and one exists. Please don't $session->start();
INFO - 2023-12-16 02:21:03 --> Session: Class initialized using 'CodeIgniter\Session\Handlers\FileHandler' driver.
WARNING - 2023-12-16 02:21:03 --> Session: Sessions is enabled, and one exists. Please don't $session->start();
INFO - 2023-12-16 02:21:55 --> Session: Class initialized using 'CodeIgniter\Session\Handlers\FileHandler' driver.
WARNING - 2023-12-16 02:21:55 --> Session: Sessions is enabled, and one exists. Please don't $session->start();
INFO - 2023-12-16 02:22:05 --> Session: Class initialized using 'CodeIgniter\Session\Handlers\FileHandler' driver.
WARNING - 2023-12-16 02:22:05 --> Session: Sessions is enabled, and one exists. Please don't $session->start();
INFO - 2023-12-16 02:22:05 --> Session: Class initialized using 'CodeIgniter\Session\Handlers\FileHandler' driver.
WARNING - 2023-12-16 02:22:05 --> Session: Sessions is enabled, and one exists. Please don't $session->start();
INFO - 2023-12-16 02:22:15 --> Session: Class initialized using 'CodeIgniter\Session\Handlers\FileHandler' driver.
WARNING - 2023-12-16 02:22:15 --> Session: Sessions is enabled, and one exists. Please don't $session->start();
INFO - 2023-12-16 02:22:24 --> Session: Class initialized using 'CodeIgniter\Session\Handlers\FileHandler' driver.
WARNING - 2023-12-16 02:22:24 --> Session: Sessions is enabled, and one exists. Please don't $session->start();
INFO - 2023-12-16 02:22:24 --> Session: Class initialized using 'CodeIgniter\Session\Handlers\FileHandler' driver.
WARNING - 2023-12-16 02:22:24 --> Session: Sessions is enabled, and one exists. Please don't $session->start();
INFO - 2023-12-16 02:24:28 --> Session: Class initialized using 'CodeIgniter\Session\Handlers\FileHandler' driver.
WARNING - 2023-12-16 02:24:28 --> Session: Sessions is enabled, and one exists. Please don't $session->start();
INFO - 2023-12-16 02:24:46 --> Session: Class initialized using 'CodeIgniter\Session\Handlers\FileHandler' driver.
WARNING - 2023-12-16 02:24:46 --> Session: Sessions is enabled, and one exists. Please don't $session->start();
INFO - 2023-12-16 02:25:28 --> Session: Class initialized using 'CodeIgniter\Session\Handlers\FileHandler' driver.
WARNING - 2023-12-16 02:25:28 --> Session: Sessions is enabled, and one exists. Please don't $session->start();
INFO - 2023-12-16 02:37:09 --> Session: Class initialized using 'CodeIgniter\Session\Handlers\FileHandler' driver.
WARNING - 2023-12-16 02:37:09 --> Session: Sessions is enabled, and one exists. Please don't $session->start();
INFO - 2023-12-16 02:37:18 --> Session: Class initialized using 'CodeIgniter\Session\Handlers\FileHandler' driver.
WARNING - 2023-12-16 02:37:18 --> Session: Sessions is enabled, and one exists. Please don't $session->start();
INFO - 2023-12-16 02:37:18 --> Session: Class initialized using 'CodeIgniter\Session\Handlers\FileHandler' driver.
WARNING - 2023-12-16 02:37:18 --> Session: Sessions is enabled, and one exists. Please don't $session->start();
INFO - 2023-12-16 02:39:53 --> Session: Class initialized using 'CodeIgniter\Session\Handlers\FileHandler' driver.
WARNING - 2023-12-16 02:39:53 --> Session: Sessions is enabled, and one exists. Please don't $session->start();
INFO - 2023-12-16 02:45:03 --> Session: Class initialized using 'CodeIgniter\Session\Handlers\FileHandler' driver.
WARNING - 2023-12-16 02:45:03 --> Session: Sessions is enabled, and one exists. Please don't $session->start();
INFO - 2023-12-16 02:45:09 --> Session: Class initialized using 'CodeIgniter\Session\Handlers\FileHandler' driver.
WARNING - 2023-12-16 02:45:09 --> Session: Sessions is enabled, and one exists. Please don't $session->start();
INFO - 2023-12-16 02:45:47 --> Session: Class initialized using 'CodeIgniter\Session\Handlers\FileHandler' driver.
WARNING - 2023-12-16 02:45:47 --> Session: Sessions is enabled, and one exists. Please don't $session->start();
INFO - 2023-12-16 02:45:50 --> Session: Class initialized using 'CodeIgniter\Session\Handlers\FileHandler' driver.
WARNING - 2023-12-16 02:45:50 --> Session: Sessions is enabled, and one exists. Please don't $session->start();
INFO - 2023-12-16 02:46:03 --> Session: Class initialized using 'CodeIgniter\Session\Handlers\FileHandler' driver.
WARNING - 2023-12-16 02:46:03 --> Session: Sessions is enabled, and one exists. Please don't $session->start();
INFO - 2023-12-16 02:46:04 --> Session: Class initialized using 'CodeIgniter\Session\Handlers\FileHandler' driver.
WARNING - 2023-12-16 02:46:04 --> Session: Sessions is enabled, and one exists. Please don't $session->start();
INFO - 2023-12-16 02:46:09 --> Session: Class initialized using 'CodeIgniter\Session\Handlers\FileHandler' driver.
WARNING - 2023-12-16 02:46:09 --> Session: Sessions is enabled, and one exists. Please don't $session->start();
INFO - 2023-12-16 02:46:13 --> Session: Class initialized using 'CodeIgniter\Session\Handlers\FileHandler' driver.
WARNING - 2023-12-16 02:46:13 --> Session: Sessions is enabled, and one exists. Please don't $session->start();
INFO - 2023-12-16 02:46:14 --> Session: Class initialized using 'CodeIgniter\Session\Handlers\FileHandler' driver.
WARNING - 2023-12-16 02:46:14 --> Session: Sessions is enabled, and one exists. Please don't $session->start();
INFO - 2023-12-16 02:47:55 --> Session: Class initialized using 'CodeIgniter\Session\Handlers\FileHandler' driver.
WARNING - 2023-12-16 02:47:55 --> Session: Sessions is enabled, and one exists. Please don't $session->start();
INFO - 2023-12-16 02:48:01 --> Session: Class initialized using 'CodeIgniter\Session\Handlers\FileHandler' driver.
WARNING - 2023-12-16 02:48:01 --> Session: Sessions is enabled, and one exists. Please don't $session->start();
INFO - 2023-12-16 04:46:52 --> Session: Class initialized using 'CodeIgniter\Session\Handlers\FileHandler' driver.
WARNING - 2023-12-16 04:46:52 --> Session: Sessions is enabled, and one exists. Please don't $session->start();
INFO - 2023-12-16 04:47:32 --> Session: Class initialized using 'CodeIgniter\Session\Handlers\FileHandler' driver.
WARNING - 2023-12-16 04:47:32 --> Session: Sessions is enabled, and one exists. Please don't $session->start();
INFO - 2023-12-16 04:47:42 --> Session: Class initialized using 'CodeIgniter\Session\Handlers\FileHandler' driver.
WARNING - 2023-12-16 04:47:42 --> Session: Sessions is enabled, and one exists. Please don't $session->start();
INFO - 2023-12-16 04:47:42 --> Session: Class initialized using 'CodeIgniter\Session\Handlers\FileHandler' driver.
WARNING - 2023-12-16 04:47:42 --> Session: Sessions is enabled, and one exists. Please don't $session->start();
INFO - 2023-12-16 04:47:58 --> Session: Class initialized using 'CodeIgniter\Session\Handlers\FileHandler' driver.
WARNING - 2023-12-16 04:47:58 --> Session: Sessions is enabled, and one exists. Please don't $session->start();
INFO - 2023-12-16 04:47:59 --> Session: Class initialized using 'CodeIgniter\Session\Handlers\FileHandler' driver.
WARNING - 2023-12-16 04:47:59 --> Session: Sessions is enabled, and one exists. Please don't $session->start();
INFO - 2023-12-16 04:48:57 --> Session: Class initialized using 'CodeIgniter\Session\Handlers\FileHandler' driver.
WARNING - 2023-12-16 04:48:57 --> Session: Sessions is enabled, and one exists. Please don't $session->start();
INFO - 2023-12-16 04:52:19 --> Session: Class initialized using 'CodeIgniter\Session\Handlers\FileHandler' driver.
WARNING - 2023-12-16 04:52:19 --> Session: Sessions is enabled, and one exists. Please don't $session->start();
INFO - 2023-12-16 04:52:53 --> Session: Class initialized using 'CodeIgniter\Session\Handlers\FileHandler' driver.
WARNING - 2023-12-16 04:52:53 --> Session: Sessions is enabled, and one exists. Please don't $session->start();
INFO - 2023-12-16 04:53:35 --> Session: Class initialized using 'CodeIgniter\Session\Handlers\FileHandler' driver.
WARNING - 2023-12-16 04:53:35 --> Session: Sessions is enabled, and one exists. Please don't $session->start();
INFO - 2023-12-16 04:54:06 --> Session: Class initialized using 'CodeIgniter\Session\Handlers\FileHandler' driver.
WARNING - 2023-12-16 04:54:06 --> Session: Sessions is enabled, and one exists. Please don't $session->start();
INFO - 2023-12-16 04:54:33 --> Session: Class initialized using 'CodeIgniter\Session\Handlers\FileHandler' driver.
WARNING - 2023-12-16 04:54:33 --> Session: Sessions is enabled, and one exists. Please don't $session->start();
INFO - 2023-12-16 04:54:54 --> Session: Class initialized using 'CodeIgniter\Session\Handlers\FileHandler' driver.
WARNING - 2023-12-16 04:54:54 --> Session: Sessions is enabled, and one exists. Please don't $session->start();
INFO - 2023-12-16 04:55:33 --> Session: Class initialized using 'CodeIgniter\Session\Handlers\FileHandler' driver.
WARNING - 2023-12-16 04:55:33 --> Session: Sessions is enabled, and one exists. Please don't $session->start();
INFO - 2023-12-16 04:57:11 --> Session: Class initialized using 'CodeIgniter\Session\Handlers\FileHandler' driver.
WARNING - 2023-12-16 04:57:11 --> Session: Sessions is enabled, and one exists. Please don't $session->start();
INFO - 2023-12-16 04:58:32 --> Session: Class initialized using 'CodeIgniter\Session\Handlers\FileHandler' driver.
WARNING - 2023-12-16 04:58:32 --> Session: Sessions is enabled, and one exists. Please don't $session->start();
INFO - 2023-12-16 04:58:39 --> Session: Class initialized using 'CodeIgniter\Session\Handlers\FileHandler' driver.
WARNING - 2023-12-16 04:58:39 --> Session: Sessions is enabled, and one exists. Please don't $session->start();
INFO - 2023-12-16 05:01:16 --> Session: Class initialized using 'CodeIgniter\Session\Handlers\FileHandler' driver.
WARNING - 2023-12-16 05:01:16 --> Session: Sessions is enabled, and one exists. Please don't $session->start();
INFO - 2023-12-16 05:01:20 --> Session: Class initialized using 'CodeIgniter\Session\Handlers\FileHandler' driver.
WARNING - 2023-12-16 05:01:20 --> Session: Sessions is enabled, and one exists. Please don't $session->start();
INFO - 2023-12-16 05:01:54 --> Session: Class initialized using 'CodeIgniter\Session\Handlers\FileHandler' driver.
WARNING - 2023-12-16 05:01:54 --> Session: Sessions is enabled, and one exists. Please don't $session->start();
INFO - 2023-12-16 05:03:17 --> Session: Class initialized using 'CodeIgniter\Session\Handlers\FileHandler' driver.
WARNING - 2023-12-16 05:03:17 --> Session: Sessions is enabled, and one exists. Please don't $session->start();
INFO - 2023-12-16 05:04:54 --> Session: Class initialized using 'CodeIgniter\Session\Handlers\FileHandler' driver.
WARNING - 2023-12-16 05:04:54 --> Session: Sessions is enabled, and one exists. Please don't $session->start();
INFO - 2023-12-16 05:07:00 --> Session: Class initialized using 'CodeIgniter\Session\Handlers\FileHandler' driver.
WARNING - 2023-12-16 05:07:00 --> Session: Sessions is enabled, and one exists. Please don't $session->start();
INFO - 2023-12-16 10:52:30 --> Session: Class initialized using 'CodeIgniter\Session\Handlers\FileHandler' driver.
WARNING - 2023-12-16 10:52:30 --> Session: Sessions is enabled, and one exists. Please don't $session->start();
INFO - 2023-12-16 10:52:38 --> Session: Class initialized using 'CodeIgniter\Session\Handlers\FileHandler' driver.
WARNING - 2023-12-16 10:52:38 --> Session: Sessions is enabled, and one exists. Please don't $session->start();
INFO - 2023-12-16 10:53:30 --> Session: Class initialized using 'CodeIgniter\Session\Handlers\FileHandler' driver.
WARNING - 2023-12-16 10:53:30 --> Session: Sessions is enabled, and one exists. Please don't $session->start();
INFO - 2023-12-16 11:06:17 --> Session: Class initialized using 'CodeIgniter\Session\Handlers\FileHandler' driver.
WARNING - 2023-12-16 11:06:17 --> Session: Sessions is enabled, and one exists. Please don't $session->start();
INFO - 2023-12-16 11:06:22 --> Session: Class initialized using 'CodeIgniter\Session\Handlers\FileHandler' driver.
WARNING - 2023-12-16 11:06:22 --> Session: Sessions is enabled, and one exists. Please don't $session->start();
INFO - 2023-12-16 11:08:40 --> Session: Class initialized using 'CodeIgniter\Session\Handlers\FileHandler' driver.
WARNING - 2023-12-16 11:08:40 --> Session: Sessions is enabled, and one exists. Please don't $session->start();
INFO - 2023-12-16 11:09:21 --> Session: Class initialized using 'CodeIgniter\Session\Handlers\FileHandler' driver.
WARNING - 2023-12-16 11:09:21 --> Session: Sessions is enabled, and one exists. Please don't $session->start();
INFO - 2023-12-16 11:11:52 --> Session: Class initialized using 'CodeIgniter\Session\Handlers\FileHandler' driver.
WARNING - 2023-12-16 11:11:52 --> Session: Sessions is enabled, and one exists. Please don't $session->start();
INFO - 2023-12-16 11:14:53 --> Session: Class initialized using 'CodeIgniter\Session\Handlers\FileHandler' driver.
WARNING - 2023-12-16 11:14:53 --> Session: Sessions is enabled, and one exists. Please don't $session->start();
INFO - 2023-12-16 11:15:38 --> Session: Class initialized using 'CodeIgniter\Session\Handlers\FileHandler' driver.
WARNING - 2023-12-16 11:15:38 --> Session: Sessions is enabled, and one exists. Please don't $session->start();
INFO - 2023-12-16 11:15:51 --> Session: Class initialized using 'CodeIgniter\Session\Handlers\FileHandler' driver.
WARNING - 2023-12-16 11:15:51 --> Session: Sessions is enabled, and one exists. Please don't $session->start();
INFO - 2023-12-16 11:35:55 --> Session: Class initialized using 'CodeIgniter\Session\Handlers\FileHandler' driver.
WARNING - 2023-12-16 11:35:55 --> Session: Sessions is enabled, and one exists. Please don't $session->start();
CRITICAL - 2023-12-16 11:35:55 --> Invalid file: "admin/bar_admin.php"
in SYSTEMPATH\Exceptions\FrameworkException.php on line 39.
 1 SYSTEMPATH\View\View.php(216): CodeIgniter\Exceptions\FrameworkException::forInvalidFile('admin/bar_admin.php')
 2 SYSTEMPATH\Common.php(1190): CodeIgniter\View\View->render('admin/bar_admin.php', [], true)
 3 APPPATH\Controllers\Admin.php(21): view('admin/bar_admin.php')
 4 SYSTEMPATH\CodeIgniter.php(942): App\Controllers\Admin->halamanadmin()
 5 SYSTEMPATH\CodeIgniter.php(502): CodeIgniter\CodeIgniter->runController(Object(App\Controllers\Admin))
 6 SYSTEMPATH\CodeIgniter.php(361): CodeIgniter\CodeIgniter->handleRequest(null, Object(Config\Cache), false)
 7 FCPATH\index.php(79): CodeIgniter\CodeIgniter->run()
INFO - 2023-12-16 11:36:18 --> Session: Class initialized using 'CodeIgniter\Session\Handlers\FileHandler' driver.
WARNING - 2023-12-16 11:36:18 --> Session: Sessions is enabled, and one exists. Please don't $session->start();
INFO - 2023-12-16 11:37:12 --> Session: Class initialized using 'CodeIgniter\Session\Handlers\FileHandler' driver.
WARNING - 2023-12-16 11:37:12 --> Session: Sessions is enabled, and one exists. Please don't $session->start();
INFO - 2023-12-16 11:37:35 --> Session: Class initialized using 'CodeIgniter\Session\Handlers\FileHandler' driver.
WARNING - 2023-12-16 11:37:35 --> Session: Sessions is enabled, and one exists. Please don't $session->start();
INFO - 2023-12-16 11:40:27 --> Session: Class initialized using 'CodeIgniter\Session\Handlers\FileHandler' driver.
WARNING - 2023-12-16 11:40:27 --> Session: Sessions is enabled, and one exists. Please don't $session->start();
INFO - 2023-12-16 12:05:32 --> Session: Class initialized using 'CodeIgniter\Session\Handlers\FileHandler' driver.
WARNING - 2023-12-16 12:05:32 --> Session: Sessions is enabled, and one exists. Please don't $session->start();
INFO - 2023-12-16 12:25:42 --> Session: Class initialized using 'CodeIgniter\Session\Handlers\FileHandler' driver.
WARNING - 2023-12-16 12:25:42 --> Session: Sessions is enabled, and one exists. Please don't $session->start();
INFO - 2023-12-16 12:25:47 --> Session: Class initialized using 'CodeIgniter\Session\Handlers\FileHandler' driver.
WARNING - 2023-12-16 12:25:47 --> Session: Sessions is enabled, and one exists. Please don't $session->start();
INFO - 2023-12-16 12:35:04 --> Session: Class initialized using 'CodeIgniter\Session\Handlers\FileHandler' driver.
WARNING - 2023-12-16 12:35:04 --> Session: Sessions is enabled, and one exists. Please don't $session->start();
INFO - 2023-12-16 12:36:24 --> Session: Class initialized using 'CodeIgniter\Session\Handlers\FileHandler' driver.
WARNING - 2023-12-16 12:36:24 --> Session: Sessions is enabled, and one exists. Please don't $session->start();
INFO - 2023-12-16 12:39:01 --> Session: Class initialized using 'CodeIgniter\Session\Handlers\FileHandler' driver.
WARNING - 2023-12-16 12:39:01 --> Session: Sessions is enabled, and one exists. Please don't $session->start();
INFO - 2023-12-16 12:39:12 --> Session: Class initialized using 'CodeIgniter\Session\Handlers\FileHandler' driver.
WARNING - 2023-12-16 12:39:12 --> Session: Sessions is enabled, and one exists. Please don't $session->start();
INFO - 2023-12-16 12:41:50 --> Session: Class initialized using 'CodeIgniter\Session\Handlers\FileHandler' driver.
WARNING - 2023-12-16 12:41:50 --> Session: Sessions is enabled, and one exists. Please don't $session->start();
INFO - 2023-12-16 12:41:56 --> Session: Class initialized using 'CodeIgniter\Session\Handlers\FileHandler' driver.
WARNING - 2023-12-16 12:41:56 --> Session: Sessions is enabled, and one exists. Please don't $session->start();
INFO - 2023-12-16 12:42:39 --> Session: Class initialized using 'CodeIgniter\Session\Handlers\FileHandler' driver.
WARNING - 2023-12-16 12:42:39 --> Session: Sessions is enabled, and one exists. Please don't $session->start();
INFO - 2023-12-16 12:44:37 --> Session: Class initialized using 'CodeIgniter\Session\Handlers\FileHandler' driver.
WARNING - 2023-12-16 12:44:37 --> Session: Sessions is enabled, and one exists. Please don't $session->start();
INFO - 2023-12-16 12:50:25 --> Session: Class initialized using 'CodeIgniter\Session\Handlers\FileHandler' driver.
WARNING - 2023-12-16 12:50:25 --> Session: Sessions is enabled, and one exists. Please don't $session->start();
CRITICAL - 2023-12-16 12:50:25 --> Undefined variable $gunung
in APPPATH\Views\admin\data_gunung.php on line 23.
 1 APPPATH\Views\admin\data_gunung.php(23): CodeIgniter\Debug\Exceptions->errorHandler(2, 'Undefined variable $gunung', 'C:\\xampp\\htdocs\\gista2\\app\\Views\\admin\\data_gunung.php', 23)
 2 SYSTEMPATH\View\View.php(228): include('C:\\xampp\\htdocs\\gista2\\app\\Views\\admin\\data_gunung.php')
 3 SYSTEMPATH\View\View.php(231): CodeIgniter\View\View->CodeIgniter\View\{closure}()
 4 SYSTEMPATH\Common.php(1190): CodeIgniter\View\View->render('admin/data_gunung.php', [], true)
 5 APPPATH\Controllers\Admin.php(28): view('admin/data_gunung.php')
 6 SYSTEMPATH\CodeIgniter.php(942): App\Controllers\Admin->datagunung()
 7 SYSTEMPATH\CodeIgniter.php(502): CodeIgniter\CodeIgniter->runController(Object(App\Controllers\Admin))
 8 SYSTEMPATH\CodeIgniter.php(361): CodeIgniter\CodeIgniter->handleRequest(null, Object(Config\Cache), false)
 9 FCPATH\index.php(79): CodeIgniter\CodeIgniter->run()
INFO - 2023-12-16 12:54:48 --> Session: Class initialized using 'CodeIgniter\Session\Handlers\FileHandler' driver.
WARNING - 2023-12-16 12:54:48 --> Session: Sessions is enabled, and one exists. Please don't $session->start();
CRITICAL - 2023-12-16 12:54:48 --> Call to undefined method App\Models\GunungModel::getAll
in SYSTEMPATH\Model.php on line 873.
 1 APPPATH\Controllers\Admin.php(28): CodeIgniter\Model->__call('getAll', [])
 2 SYSTEMPATH\CodeIgniter.php(942): App\Controllers\Admin->datagunung()
 3 SYSTEMPATH\CodeIgniter.php(502): CodeIgniter\CodeIgniter->runController(Object(App\Controllers\Admin))
 4 SYSTEMPATH\CodeIgniter.php(361): CodeIgniter\CodeIgniter->handleRequest(null, Object(Config\Cache), false)
 5 FCPATH\index.php(79): CodeIgniter\CodeIgniter->run()
INFO - 2023-12-16 13:00:23 --> Session: Class initialized using 'CodeIgniter\Session\Handlers\FileHandler' driver.
WARNING - 2023-12-16 13:00:23 --> Session: Sessions is enabled, and one exists. Please don't $session->start();
CRITICAL - 2023-12-16 13:00:23 --> Call to undefined method App\Models\GunungModel::getAll
in SYSTEMPATH\Model.php on line 873.
 1 APPPATH\Controllers\Admin.php(28): CodeIgniter\Model->__call('getAll', [])
 2 SYSTEMPATH\CodeIgniter.php(942): App\Controllers\Admin->datagunung()
 3 SYSTEMPATH\CodeIgniter.php(502): CodeIgniter\CodeIgniter->runController(Object(App\Controllers\Admin))
 4 SYSTEMPATH\CodeIgniter.php(361): CodeIgniter\CodeIgniter->handleRequest(null, Object(Config\Cache), false)
 5 FCPATH\index.php(79): CodeIgniter\CodeIgniter->run()
INFO - 2023-12-16 13:01:53 --> Session: Class initialized using 'CodeIgniter\Session\Handlers\FileHandler' driver.
WARNING - 2023-12-16 13:01:53 --> Session: Sessions is enabled, and one exists. Please don't $session->start();
CRITICAL - 2023-12-16 13:01:53 --> Undefined array key "status_gunung"
in APPPATH\Views\admin\data_gunung.php on line 30.
 1 APPPATH\Views\admin\data_gunung.php(30): CodeIgniter\Debug\Exceptions->errorHandler(2, 'Undefined array key "status_gunung"', 'C:\\xampp\\htdocs\\gista2\\app\\Views\\admin\\data_gunung.php', 30)
 2 SYSTEMPATH\View\View.php(228): include('C:\\xampp\\htdocs\\gista2\\app\\Views\\admin\\data_gunung.php')
 3 SYSTEMPATH\View\View.php(231): CodeIgniter\View\View->CodeIgniter\View\{closure}()
 4 SYSTEMPATH\Common.php(1190): CodeIgniter\View\View->render('admin/data_gunung.php', [], true)
 5 APPPATH\Controllers\Admin.php(31): view('admin/data_gunung.php', [...])
 6 SYSTEMPATH\CodeIgniter.php(942): App\Controllers\Admin->datagunung()
 7 SYSTEMPATH\CodeIgniter.php(502): CodeIgniter\CodeIgniter->runController(Object(App\Controllers\Admin))
 8 SYSTEMPATH\CodeIgniter.php(361): CodeIgniter\CodeIgniter->handleRequest(null, Object(Config\Cache), false)
 9 FCPATH\index.php(79): CodeIgniter\CodeIgniter->run()
INFO - 2023-12-16 13:03:55 --> Session: Class initialized using 'CodeIgniter\Session\Handlers\FileHandler' driver.
WARNING - 2023-12-16 13:03:55 --> Session: Sessions is enabled, and one exists. Please don't $session->start();
INFO - 2023-12-16 13:04:26 --> Session: Class initialized using 'CodeIgniter\Session\Handlers\FileHandler' driver.
WARNING - 2023-12-16 13:04:26 --> Session: Sessions is enabled, and one exists. Please don't $session->start();
INFO - 2023-12-16 13:04:58 --> Session: Class initialized using 'CodeIgniter\Session\Handlers\FileHandler' driver.
WARNING - 2023-12-16 13:04:58 --> Session: Sessions is enabled, and one exists. Please don't $session->start();
INFO - 2023-12-16 13:05:32 --> Session: Class initialized using 'CodeIgniter\Session\Handlers\FileHandler' driver.
WARNING - 2023-12-16 13:05:32 --> Session: Sessions is enabled, and one exists. Please don't $session->start();
INFO - 2023-12-16 13:06:18 --> Session: Class initialized using 'CodeIgniter\Session\Handlers\FileHandler' driver.
WARNING - 2023-12-16 13:06:18 --> Session: Sessions is enabled, and one exists. Please don't $session->start();
INFO - 2023-12-16 13:07:43 --> Session: Class initialized using 'CodeIgniter\Session\Handlers\FileHandler' driver.
WARNING - 2023-12-16 13:07:43 --> Session: Sessions is enabled, and one exists. Please don't $session->start();
INFO - 2023-12-16 13:08:11 --> Session: Class initialized using 'CodeIgniter\Session\Handlers\FileHandler' driver.
WARNING - 2023-12-16 13:08:11 --> Session: Sessions is enabled, and one exists. Please don't $session->start();
INFO - 2023-12-16 13:09:54 --> Session: Class initialized using 'CodeIgniter\Session\Handlers\FileHandler' driver.
WARNING - 2023-12-16 13:09:54 --> Session: Sessions is enabled, and one exists. Please don't $session->start();
INFO - 2023-12-16 13:10:01 --> Session: Class initialized using 'CodeIgniter\Session\Handlers\FileHandler' driver.
WARNING - 2023-12-16 13:10:01 --> Session: Sessions is enabled, and one exists. Please don't $session->start();
INFO - 2023-12-16 13:11:42 --> Session: Class initialized using 'CodeIgniter\Session\Handlers\FileHandler' driver.
WARNING - 2023-12-16 13:11:42 --> Session: Sessions is enabled, and one exists. Please don't $session->start();
INFO - 2023-12-16 13:12:17 --> Session: Class initialized using 'CodeIgniter\Session\Handlers\FileHandler' driver.
WARNING - 2023-12-16 13:12:17 --> Session: Sessions is enabled, and one exists. Please don't $session->start();
INFO - 2023-12-16 13:12:55 --> Session: Class initialized using 'CodeIgniter\Session\Handlers\FileHandler' driver.
WARNING - 2023-12-16 13:12:55 --> Session: Sessions is enabled, and one exists. Please don't $session->start();
INFO - 2023-12-16 13:13:52 --> Session: Class initialized using 'CodeIgniter\Session\Handlers\FileHandler' driver.
WARNING - 2023-12-16 13:13:52 --> Session: Sessions is enabled, and one exists. Please don't $session->start();
INFO - 2023-12-16 13:14:05 --> Session: Class initialized using 'CodeIgniter\Session\Handlers\FileHandler' driver.
WARNING - 2023-12-16 13:14:05 --> Session: Sessions is enabled, and one exists. Please don't $session->start();
INFO - 2023-12-16 13:15:21 --> Session: Class initialized using 'CodeIgniter\Session\Handlers\FileHandler' driver.
WARNING - 2023-12-16 13:15:21 --> Session: Sessions is enabled, and one exists. Please don't $session->start();
INFO - 2023-12-16 13:15:34 --> Session: Class initialized using 'CodeIgniter\Session\Handlers\FileHandler' driver.
WARNING - 2023-12-16 13:15:34 --> Session: Sessions is enabled, and one exists. Please don't $session->start();
INFO - 2023-12-16 13:15:56 --> Session: Class initialized using 'CodeIgniter\Session\Handlers\FileHandler' driver.
WARNING - 2023-12-16 13:15:56 --> Session: Sessions is enabled, and one exists. Please don't $session->start();
INFO - 2023-12-16 13:17:21 --> Session: Class initialized using 'CodeIgniter\Session\Handlers\FileHandler' driver.
WARNING - 2023-12-16 13:17:21 --> Session: Sessions is enabled, and one exists. Please don't $session->start();
INFO - 2023-12-16 14:40:01 --> Session: Class initialized using 'CodeIgniter\Session\Handlers\FileHandler' driver.
WARNING - 2023-12-16 14:40:01 --> Session: Sessions is enabled, and one exists. Please don't $session->start();
INFO - 2023-12-16 14:40:48 --> Session: Class initialized using 'CodeIgniter\Session\Handlers\FileHandler' driver.
WARNING - 2023-12-16 14:40:48 --> Session: Sessions is enabled, and one exists. Please don't $session->start();
CRITICAL - 2023-12-16 14:40:48 --> Undefined variable $g
in APPPATH\Views\admin\data_jalur.php on line 27.
 1 APPPATH\Views\admin\data_jalur.php(27): CodeIgniter\Debug\Exceptions->errorHandler(2, 'Undefined variable $g', 'C:\\xampp\\htdocs\\gista2\\app\\Views\\admin\\data_jalur.php', 27)
 2 SYSTEMPATH\View\View.php(228): include('C:\\xampp\\htdocs\\gista2\\app\\Views\\admin\\data_jalur.php')
 3 SYSTEMPATH\View\View.php(231): CodeIgniter\View\View->CodeIgniter\View\{closure}()
 4 SYSTEMPATH\Common.php(1190): CodeIgniter\View\View->render('admin/data_jalur.php', [], true)
 5 APPPATH\Controllers\Admin.php(39): view('admin/data_jalur.php', [...])
 6 SYSTEMPATH\CodeIgniter.php(942): App\Controllers\Admin->datajalur()
 7 SYSTEMPATH\CodeIgniter.php(502): CodeIgniter\CodeIgniter->runController(Object(App\Controllers\Admin))
 8 SYSTEMPATH\CodeIgniter.php(361): CodeIgniter\CodeIgniter->handleRequest(null, Object(Config\Cache), false)
 9 FCPATH\index.php(79): CodeIgniter\CodeIgniter->run()
INFO - 2023-12-16 14:46:03 --> Session: Class initialized using 'CodeIgniter\Session\Handlers\FileHandler' driver.
WARNING - 2023-12-16 14:46:03 --> Session: Sessions is enabled, and one exists. Please don't $session->start();
CRITICAL - 2023-12-16 14:46:04 --> Undefined variable $g
in APPPATH\Views\admin\data_jalur.php on line 27.
 1 APPPATH\Views\admin\data_jalur.php(27): CodeIgniter\Debug\Exceptions->errorHandler(2, 'Undefined variable $g', 'C:\\xampp\\htdocs\\gista2\\app\\Views\\admin\\data_jalur.php', 27)
 2 SYSTEMPATH\View\View.php(228): include('C:\\xampp\\htdocs\\gista2\\app\\Views\\admin\\data_jalur.php')
 3 SYSTEMPATH\View\View.php(231): CodeIgniter\View\View->CodeIgniter\View\{closure}()
 4 SYSTEMPATH\Common.php(1190): CodeIgniter\View\View->render('admin/data_jalur.php', [], true)
 5 APPPATH\Controllers\Admin.php(39): view('admin/data_jalur.php', [...])
 6 SYSTEMPATH\CodeIgniter.php(942): App\Controllers\Admin->datajalur()
 7 SYSTEMPATH\CodeIgniter.php(502): CodeIgniter\CodeIgniter->runController(Object(App\Controllers\Admin))
 8 SYSTEMPATH\CodeIgniter.php(361): CodeIgniter\CodeIgniter->handleRequest(null, Object(Config\Cache), false)
 9 FCPATH\index.php(79): CodeIgniter\CodeIgniter->run()
INFO - 2023-12-16 14:46:44 --> Session: Class initialized using 'CodeIgniter\Session\Handlers\FileHandler' driver.
WARNING - 2023-12-16 14:46:44 --> Session: Sessions is enabled, and one exists. Please don't $session->start();
INFO - 2023-12-16 15:02:53 --> Session: Class initialized using 'CodeIgniter\Session\Handlers\FileHandler' driver.
WARNING - 2023-12-16 15:02:53 --> Session: Sessions is enabled, and one exists. Please don't $session->start();
INFO - 2023-12-16 15:28:42 --> Session: Class initialized using 'CodeIgniter\Session\Handlers\FileHandler' driver.
WARNING - 2023-12-16 15:28:42 --> Session: Sessions is enabled, and one exists. Please don't $session->start();
INFO - 2023-12-16 15:43:59 --> Session: Class initialized using 'CodeIgniter\Session\Handlers\FileHandler' driver.
WARNING - 2023-12-16 15:43:59 --> Session: Sessions is enabled, and one exists. Please don't $session->start();
