INFO - 2023-12-17 03:42:22 --> Session: Class initialized using 'CodeIgniter\Session\Handlers\FileHandler' driver.
WARNING - 2023-12-17 03:42:22 --> Session: Sessions is enabled, and one exists. Please don't $session->start();
INFO - 2023-12-17 03:44:18 --> Session: Class initialized using 'CodeIgniter\Session\Handlers\FileHandler' driver.
WARNING - 2023-12-17 03:44:18 --> Session: Sessions is enabled, and one exists. Please don't $session->start();
INFO - 2023-12-17 03:47:03 --> Session: Class initialized using 'CodeIgniter\Session\Handlers\FileHandler' driver.
WARNING - 2023-12-17 03:47:03 --> Session: Sessions is enabled, and one exists. Please don't $session->start();
INFO - 2023-12-17 03:48:10 --> Session: Class initialized using 'CodeIgniter\Session\Handlers\FileHandler' driver.
WARNING - 2023-12-17 03:48:10 --> Session: Sessions is enabled, and one exists. Please don't $session->start();
CRITICAL - 2023-12-17 03:48:10 --> Undefined array key "aksi"
in APPPATH\Views\admin\data_pos.php on line 35.
 1 APPPATH\Views\admin\data_pos.php(35): CodeIgniter\Debug\Exceptions->errorHandler(2, 'Undefined array key "aksi"', 'C:\\xampp\\htdocs\\gista2\\app\\Views\\admin\\data_pos.php', 35)
 2 SYSTEMPATH\View\View.php(228): include('C:\\xampp\\htdocs\\gista2\\app\\Views\\admin\\data_pos.php')
 3 SYSTEMPATH\View\View.php(231): CodeIgniter\View\View->CodeIgniter\View\{closure}()
 4 SYSTEMPATH\Common.php(1190): CodeIgniter\View\View->render('admin/data_pos.php', [], true)
 5 APPPATH\Controllers\Admin.php(48): view('admin/data_pos.php', [...])
 6 SYSTEMPATH\CodeIgniter.php(942): App\Controllers\Admin->datapos()
 7 SYSTEMPATH\CodeIgniter.php(502): CodeIgniter\CodeIgniter->runController(Object(App\Controllers\Admin))
 8 SYSTEMPATH\CodeIgniter.php(361): CodeIgniter\CodeIgniter->handleRequest(null, Object(Config\Cache), false)
 9 FCPATH\index.php(79): CodeIgniter\CodeIgniter->run()
INFO - 2023-12-17 03:49:43 --> Session: Class initialized using 'CodeIgniter\Session\Handlers\FileHandler' driver.
WARNING - 2023-12-17 03:49:43 --> Session: Sessions is enabled, and one exists. Please don't $session->start();
INFO - 2023-12-17 11:38:08 --> Session: Class initialized using 'CodeIgniter\Session\Handlers\FileHandler' driver.
WARNING - 2023-12-17 11:38:08 --> Session: Sessions is enabled, and one exists. Please don't $session->start();
INFO - 2023-12-17 11:38:11 --> Session: Class initialized using 'CodeIgniter\Session\Handlers\FileHandler' driver.
WARNING - 2023-12-17 11:38:11 --> Session: Sessions is enabled, and one exists. Please don't $session->start();
INFO - 2023-12-17 11:38:12 --> Session: Class initialized using 'CodeIgniter\Session\Handlers\FileHandler' driver.
WARNING - 2023-12-17 11:38:12 --> Session: Sessions is enabled, and one exists. Please don't $session->start();
INFO - 2023-12-17 11:38:13 --> Session: Class initialized using 'CodeIgniter\Session\Handlers\FileHandler' driver.
WARNING - 2023-12-17 11:38:13 --> Session: Sessions is enabled, and one exists. Please don't $session->start();
INFO - 2023-12-17 11:38:13 --> Session: Class initialized using 'CodeIgniter\Session\Handlers\FileHandler' driver.
WARNING - 2023-12-17 11:38:13 --> Session: Sessions is enabled, and one exists. Please don't $session->start();
INFO - 2023-12-17 13:16:33 --> Session: Class initialized using 'CodeIgniter\Session\Handlers\FileHandler' driver.
WARNING - 2023-12-17 13:16:33 --> Session: Sessions is enabled, and one exists. Please don't $session->start();
INFO - 2023-12-17 13:16:37 --> Session: Class initialized using 'CodeIgniter\Session\Handlers\FileHandler' driver.
WARNING - 2023-12-17 13:16:37 --> Session: Sessions is enabled, and one exists. Please don't $session->start();
INFO - 2023-12-17 13:16:49 --> Session: Class initialized using 'CodeIgniter\Session\Handlers\FileHandler' driver.
WARNING - 2023-12-17 13:16:49 --> Session: Sessions is enabled, and one exists. Please don't $session->start();
INFO - 2023-12-17 13:16:54 --> Session: Class initialized using 'CodeIgniter\Session\Handlers\FileHandler' driver.
WARNING - 2023-12-17 13:16:54 --> Session: Sessions is enabled, and one exists. Please don't $session->start();
INFO - 2023-12-17 13:16:57 --> Session: Class initialized using 'CodeIgniter\Session\Handlers\FileHandler' driver.
WARNING - 2023-12-17 13:16:57 --> Session: Sessions is enabled, and one exists. Please don't $session->start();
INFO - 2023-12-17 13:17:02 --> Session: Class initialized using 'CodeIgniter\Session\Handlers\FileHandler' driver.
WARNING - 2023-12-17 13:17:02 --> Session: Sessions is enabled, and one exists. Please don't $session->start();
INFO - 2023-12-17 13:18:37 --> Session: Class initialized using 'CodeIgniter\Session\Handlers\FileHandler' driver.
WARNING - 2023-12-17 13:18:37 --> Session: Sessions is enabled, and one exists. Please don't $session->start();
INFO - 2023-12-17 13:18:50 --> Session: Class initialized using 'CodeIgniter\Session\Handlers\FileHandler' driver.
WARNING - 2023-12-17 13:18:50 --> Session: Sessions is enabled, and one exists. Please don't $session->start();
INFO - 2023-12-17 14:35:05 --> Session: Class initialized using 'CodeIgniter\Session\Handlers\FileHandler' driver.
WARNING - 2023-12-17 14:35:05 --> Session: Sessions is enabled, and one exists. Please don't $session->start();
INFO - 2023-12-17 14:35:11 --> Session: Class initialized using 'CodeIgniter\Session\Handlers\FileHandler' driver.
WARNING - 2023-12-17 14:35:11 --> Session: Sessions is enabled, and one exists. Please don't $session->start();
INFO - 2023-12-17 14:35:59 --> Session: Class initialized using 'CodeIgniter\Session\Handlers\FileHandler' driver.
WARNING - 2023-12-17 14:35:59 --> Session: Sessions is enabled, and one exists. Please don't $session->start();
INFO - 2023-12-17 14:36:24 --> Session: Class initialized using 'CodeIgniter\Session\Handlers\FileHandler' driver.
WARNING - 2023-12-17 14:36:24 --> Session: Sessions is enabled, and one exists. Please don't $session->start();
INFO - 2023-12-17 14:49:46 --> Session: Class initialized using 'CodeIgniter\Session\Handlers\FileHandler' driver.
WARNING - 2023-12-17 14:49:46 --> Session: Sessions is enabled, and one exists. Please don't $session->start();
INFO - 2023-12-17 14:49:49 --> Session: Class initialized using 'CodeIgniter\Session\Handlers\FileHandler' driver.
WARNING - 2023-12-17 14:49:49 --> Session: Sessions is enabled, and one exists. Please don't $session->start();
INFO - 2023-12-17 14:50:14 --> Session: Class initialized using 'CodeIgniter\Session\Handlers\FileHandler' driver.
WARNING - 2023-12-17 14:50:14 --> Session: Sessions is enabled, and one exists. Please don't $session->start();
INFO - 2023-12-17 14:51:53 --> Session: Class initialized using 'CodeIgniter\Session\Handlers\FileHandler' driver.
WARNING - 2023-12-17 14:51:53 --> Session: Sessions is enabled, and one exists. Please don't $session->start();
INFO - 2023-12-17 14:53:47 --> Session: Class initialized using 'CodeIgniter\Session\Handlers\FileHandler' driver.
WARNING - 2023-12-17 14:53:47 --> Session: Sessions is enabled, and one exists. Please don't $session->start();
INFO - 2023-12-17 14:54:04 --> Session: Class initialized using 'CodeIgniter\Session\Handlers\FileHandler' driver.
WARNING - 2023-12-17 14:54:04 --> Session: Sessions is enabled, and one exists. Please don't $session->start();
INFO - 2023-12-17 14:56:36 --> Session: Class initialized using 'CodeIgniter\Session\Handlers\FileHandler' driver.
WARNING - 2023-12-17 14:56:36 --> Session: Sessions is enabled, and one exists. Please don't $session->start();
INFO - 2023-12-17 14:57:04 --> Session: Class initialized using 'CodeIgniter\Session\Handlers\FileHandler' driver.
WARNING - 2023-12-17 14:57:04 --> Session: Sessions is enabled, and one exists. Please don't $session->start();
INFO - 2023-12-17 14:57:22 --> Session: Class initialized using 'CodeIgniter\Session\Handlers\FileHandler' driver.
WARNING - 2023-12-17 14:57:22 --> Session: Sessions is enabled, and one exists. Please don't $session->start();
INFO - 2023-12-17 14:57:52 --> Session: Class initialized using 'CodeIgniter\Session\Handlers\FileHandler' driver.
WARNING - 2023-12-17 14:57:52 --> Session: Sessions is enabled, and one exists. Please don't $session->start();
INFO - 2023-12-17 14:57:55 --> Session: Class initialized using 'CodeIgniter\Session\Handlers\FileHandler' driver.
WARNING - 2023-12-17 14:57:55 --> Session: Sessions is enabled, and one exists. Please don't $session->start();
INFO - 2023-12-17 14:58:00 --> Session: Class initialized using 'CodeIgniter\Session\Handlers\FileHandler' driver.
WARNING - 2023-12-17 14:58:00 --> Session: Sessions is enabled, and one exists. Please don't $session->start();
INFO - 2023-12-17 14:58:12 --> Session: Class initialized using 'CodeIgniter\Session\Handlers\FileHandler' driver.
WARNING - 2023-12-17 14:58:12 --> Session: Sessions is enabled, and one exists. Please don't $session->start();
INFO - 2023-12-17 14:58:12 --> Session: Class initialized using 'CodeIgniter\Session\Handlers\FileHandler' driver.
WARNING - 2023-12-17 14:58:12 --> Session: Sessions is enabled, and one exists. Please don't $session->start();
INFO - 2023-12-17 15:00:59 --> Session: Class initialized using 'CodeIgniter\Session\Handlers\FileHandler' driver.
WARNING - 2023-12-17 15:00:59 --> Session: Sessions is enabled, and one exists. Please don't $session->start();
INFO - 2023-12-17 15:03:54 --> Session: Class initialized using 'CodeIgniter\Session\Handlers\FileHandler' driver.
WARNING - 2023-12-17 15:03:54 --> Session: Sessions is enabled, and one exists. Please don't $session->start();
INFO - 2023-12-17 15:04:18 --> Session: Class initialized using 'CodeIgniter\Session\Handlers\FileHandler' driver.
WARNING - 2023-12-17 15:04:18 --> Session: Sessions is enabled, and one exists. Please don't $session->start();
INFO - 2023-12-17 15:04:28 --> Session: Class initialized using 'CodeIgniter\Session\Handlers\FileHandler' driver.
WARNING - 2023-12-17 15:04:28 --> Session: Sessions is enabled, and one exists. Please don't $session->start();
INFO - 2023-12-17 15:04:30 --> Session: Class initialized using 'CodeIgniter\Session\Handlers\FileHandler' driver.
WARNING - 2023-12-17 15:04:30 --> Session: Sessions is enabled, and one exists. Please don't $session->start();
INFO - 2023-12-17 15:05:02 --> Session: Class initialized using 'CodeIgniter\Session\Handlers\FileHandler' driver.
WARNING - 2023-12-17 15:05:02 --> Session: Sessions is enabled, and one exists. Please don't $session->start();
INFO - 2023-12-17 15:05:48 --> Session: Class initialized using 'CodeIgniter\Session\Handlers\FileHandler' driver.
WARNING - 2023-12-17 15:05:48 --> Session: Sessions is enabled, and one exists. Please don't $session->start();
INFO - 2023-12-17 15:06:01 --> Session: Class initialized using 'CodeIgniter\Session\Handlers\FileHandler' driver.
WARNING - 2023-12-17 15:06:01 --> Session: Sessions is enabled, and one exists. Please don't $session->start();
INFO - 2023-12-17 15:06:18 --> Session: Class initialized using 'CodeIgniter\Session\Handlers\FileHandler' driver.
WARNING - 2023-12-17 15:06:18 --> Session: Sessions is enabled, and one exists. Please don't $session->start();
INFO - 2023-12-17 15:06:39 --> Session: Class initialized using 'CodeIgniter\Session\Handlers\FileHandler' driver.
WARNING - 2023-12-17 15:06:39 --> Session: Sessions is enabled, and one exists. Please don't $session->start();
INFO - 2023-12-17 15:06:47 --> Session: Class initialized using 'CodeIgniter\Session\Handlers\FileHandler' driver.
WARNING - 2023-12-17 15:06:47 --> Session: Sessions is enabled, and one exists. Please don't $session->start();
INFO - 2023-12-17 15:06:49 --> Session: Class initialized using 'CodeIgniter\Session\Handlers\FileHandler' driver.
WARNING - 2023-12-17 15:06:49 --> Session: Sessions is enabled, and one exists. Please don't $session->start();
INFO - 2023-12-17 15:07:01 --> Session: Class initialized using 'CodeIgniter\Session\Handlers\FileHandler' driver.
WARNING - 2023-12-17 15:07:01 --> Session: Sessions is enabled, and one exists. Please don't $session->start();
INFO - 2023-12-17 15:07:07 --> Session: Class initialized using 'CodeIgniter\Session\Handlers\FileHandler' driver.
WARNING - 2023-12-17 15:07:07 --> Session: Sessions is enabled, and one exists. Please don't $session->start();
